Log file open, 12/07/21 00:18:52
LogWindows: Failed to load 'aqProf.dll' (GetLastError=126)
LogWindows: File 'aqProf.dll' does not exist
LogWindows: Failed to load 'VtuneApi.dll' (GetLastError=126)
LogWindows: File 'VtuneApi.dll' does not exist
LogWindows: Failed to load 'VtuneApi32e.dll' (GetLastError=126)
LogWindows: File 'VtuneApi32e.dll' does not exist
LogConsoleResponse: Display: Failed to find resolution value strings in scalability ini. Falling back to default.
LogConsoleResponse: Display: Failed to find resolution value strings in scalability ini. Falling back to default.
LogInit: Display: Running engine for game: PyroToUE_UEProject
LogPlatformFile: Not using cached read wrapper
LogTaskGraph: Started task graph with 5 named threads and 47 total threads with 3 sets of task threads.
LogStats: Stats thread started at 0.190579
LogICUInternationalization: ICU TimeZone Detection - Raw Offset: +8:00, Platform Override: ''
LogInit: Display: Loading text-based GConfig....
LogPluginManager: Mounting plugin MeshPainting
LogPluginManager: Mounting plugin XGEController
LogPluginManager: Mounting plugin Paper2D
LogPluginManager: Mounting plugin LiveLink
LogPluginManager: Mounting plugin EnvironmentQueryEditor
LogPluginManager: Mounting plugin CameraShakePreviewer
LogPluginManager: Mounting plugin AISupport
LogPluginManager: Mounting plugin GameplayCameras
LogPluginManager: Mounting plugin AnimationSharing
LogPluginManager: Mounting plugin LightPropagationVolume
LogPluginManager: Mounting plugin CLionSourceCodeAccess
LogPluginManager: Mounting plugin NullSourceCodeAccess
LogPluginManager: Mounting plugin CodeLiteSourceCodeAccess
LogPluginManager: Mounting plugin KDevelopSourceCodeAccess
LogPluginManager: Mounting plugin PixWinPlugin
LogPluginManager: Mounting plugin PerforceSourceControl
LogPluginManager: Mounting plugin PluginUtils
LogPluginManager: Mounting plugin PropertyAccessNode
LogPluginManager: Mounting plugin RiderSourceCodeAccess
LogPluginManager: Mounting plugin GitSourceControl
LogPluginManager: Mounting plugin TextureFormatOodle
LogPluginManager: Mounting plugin SubversionSourceControl
LogPluginManager: Mounting plugin PlasticSourceControl
LogPluginManager: Mounting plugin VisualStudioCodeSourceCodeAccess
LogPluginManager: Mounting plugin UObjectPlugin
LogPluginManager: Mounting plugin XCodeSourceCodeAccess
LogPluginManager: Mounting plugin VisualStudioSourceCodeAccess
LogPluginManager: Mounting plugin OodleNetwork
LogPluginManager: Mounting plugin OodleData
LogPluginManager: Mounting plugin AssetManagerEditor
LogPluginManager: Mounting plugin FacialAnimation
LogPluginManager: Mounting plugin DataValidation
LogPluginManager: Mounting plugin GameplayTagsEditor
LogPluginManager: Mounting plugin MacGraphicsSwitching
LogPluginManager: Mounting plugin GeometryMode
LogPluginManager: Mounting plugin CryptoKeys
LogPluginManager: Mounting plugin SpeedTreeImporter
LogPluginManager: Mounting plugin PluginBrowser
LogPluginManager: Mounting plugin MaterialAnalyzer
LogPluginManager: Mounting plugin CurveEditorTools
LogPluginManager: Mounting plugin Niagara
LogPluginManager: Mounting plugin AlembicImporter
LogPluginManager: Mounting plugin AutomationUtils
LogPluginManager: Mounting plugin BackChannel
LogPluginManager: Mounting plugin MobileLauncherProfileWizard
LogPluginManager: Mounting plugin ChaosClothEditor
LogPluginManager: Mounting plugin ChaosCloth
LogPluginManager: Mounting plugin ChaosNiagara
LogPluginManager: Mounting plugin ChaosEditor
LogPluginManager: Mounting plugin ChaosSolverPlugin
LogPluginManager: Mounting plugin CharacterAI
LogPluginManager: Mounting plugin GeometryCache
LogPluginManager: Mounting plugin GeometryCollectionPlugin
LogPluginManager: Mounting plugin GeometryProcessing
LogPluginManager: Mounting plugin MotoSynth
LogPluginManager: Mounting plugin AndroidMedia
LogPluginManager: Mounting plugin OpenImageDenoise
LogPluginManager: Mounting plugin PlanarCut
LogPluginManager: Mounting plugin AvfMedia
LogPluginManager: Mounting plugin PlatformCrypto
LogPluginManager: Mounting plugin ImgMedia
LogPluginManager: Mounting plugin ProxyLODPlugin
LogPluginManager: Mounting plugin LuminPlatformFeatures
LogPluginManager: Mounting plugin MediaCompositing
LogPluginManager: Mounting plugin MagicLeap
LogPluginManager: Mounting plugin PythonScriptPlugin
LogPluginManager: Mounting plugin MediaPlayerEditor
LogPluginManager: Mounting plugin WebMMedia
LogPluginManager: Mounting plugin SkeletalReduction
LogPluginManager: Mounting plugin WmfMedia
LogPluginManager: Mounting plugin DatasmithContent
LogPluginManager: Mounting plugin MagicLeapMedia
LogPluginManager: Mounting plugin MagicLeapLightEstimation
LogPluginManager: Mounting plugin VariantManagerContent
LogPluginManager: Mounting plugin MagicLeapPassableWorld
LogPluginManager: Mounting plugin MLSDK
LogPluginManager: Mounting plugin TcpMessaging
LogPluginManager: Mounting plugin UdpMessaging
LogPluginManager: Mounting plugin ActorSequence
LogPluginManager: Mounting plugin MatineeToLevelSequence
LogPluginManager: Mounting plugin LevelSequenceEditor
LogPluginManager: Mounting plugin LauncherChunkInstaller
LogPluginManager: Mounting plugin TemplateSequence
LogPluginManager: Mounting plugin OnlineSubsystem
LogPluginManager: Mounting plugin OnlineSubsystemNull
LogPluginManager: Mounting plugin OnlineSubsystemUtils
LogPluginManager: Mounting plugin ScreenshotTools
LogPluginManager: Mounting plugin ActorLayerUtilities
LogPluginManager: Mounting plugin AndroidDeviceProfileSelector
LogPluginManager: Mounting plugin AndroidMoviePlayer
LogPluginManager: Mounting plugin AndroidPermission
LogPluginManager: Mounting plugin AppleMoviePlayer
LogPluginManager: Mounting plugin AppleImageUtils
LogPluginManager: Mounting plugin ArchVisCharacter
LogPluginManager: Mounting plugin AudioSynesthesia
LogPluginManager: Mounting plugin AssetTags
LogPluginManager: Mounting plugin CableComponent
LogPluginManager: Mounting plugin AudioCapture
LogPluginManager: Mounting plugin ChunkDownloader
LogPluginManager: Mounting plugin CustomMeshComponent
LogPluginManager: Mounting plugin ExampleDeviceProfileSelector
LogPluginManager: Mounting plugin EditableMesh
LogPluginManager: Mounting plugin GoogleCloudMessaging
LogPluginManager: Mounting plugin GooglePAD
LogPluginManager: Mounting plugin Takes
LogPluginManager: Mounting plugin HoudiniEngine
LogPluginManager: Mounting plugin IOSDeviceProfileSelector
LogPluginManager: Mounting plugin LinuxDeviceProfileSelector
LogPluginManager: Mounting plugin LocationServicesBPLibrary
LogPluginManager: Mounting plugin MobilePatchingUtils
LogPluginManager: Mounting plugin OpenXR
LogPluginManager: Mounting plugin OpenXREyeTracker
LogPluginManager: Mounting plugin OpenXRHandTracking
LogPluginManager: Mounting plugin PostSplashScreen
LogPluginManager: Mounting plugin PhysXVehicles
LogPluginManager: Mounting plugin PropertyAccessEditor
LogPluginManager: Mounting plugin ProceduralMeshComponent
LogPluginManager: Mounting plugin RuntimePhysXCooking
LogPluginManager: Mounting plugin SoundFields
LogPluginManager: Mounting plugin SignificanceManager
LogPluginManager: Mounting plugin Synthesis
LogPluginManager: Mounting plugin WebMMoviePlayer
LogPluginManager: Mounting plugin WindowsMoviePlayer
LogPluginManager: Mounting plugin ContentBrowserAssetDataSource
LogPluginManager: Mounting plugin ContentBrowserClassDataSource
LogPluginManager: Mounting plugin ContentBrowserFileDataSource
LogPluginManager: Mounting plugin OnlineSubsystemGooglePlay
LogPluginManager: Mounting plugin OnlineSubsystemIOS
LogPluginManager: Mounting plugin OculusVR
LogPluginManager: Mounting plugin SteamVR
PixWinPlugin: PIX capture plugin failed to initialize! Check that the process is launched from PIX.
LogInit: Using libcurl 7.55.1-DEV
LogInit:  - built for x86_64-pc-win32
LogInit:  - supports SSL with OpenSSL/1.1.1
LogInit:  - supports HTTP deflate (compression) using libz 1.2.8
LogInit:  - other features:
LogInit:      CURL_VERSION_SSL
LogInit:      CURL_VERSION_LIBZ
LogInit:      CURL_VERSION_IPV6
LogInit:      CURL_VERSION_ASYNCHDNS
LogInit:      CURL_VERSION_LARGEFILE
LogInit:      CURL_VERSION_IDN
LogInit:  CurlRequestOptions (configurable via config and command line):
LogInit:  - bVerifyPeer = true  - Libcurl will verify peer certificate
LogInit:  - bUseHttpProxy = false  - Libcurl will NOT use HTTP proxy
LogInit:  - bDontReuseConnections = false  - Libcurl will reuse connections
LogInit:  - MaxHostConnections = 16  - Libcurl will limit the number of connections to a host
LogInit:  - LocalHostAddr = Default
LogInit:  - BufferSize = 65536
LogOnline: OSS: Creating online subsystem instance for: NULL
LogInit: WinSock: version 1.1 (2.2), MaxSocks=32767, MaxUdp=65467
LogOnline: OSS: TryLoadSubsystemAndSetDefault: Loaded subsystem for module [NULL]
LogOculusPluginWrapper: OculusPlugin initialized successfully
LogHMD: Failed initializing OVRPlugin 1.59.0
LogInit: Build: ++UE4+Release-4.27-CL-17735300
LogInit: Engine Version: 4.27.1-17735300+++UE4+Release-4.27
LogInit: Compatible Engine Version: 4.27.0-17155196+++UE4+Release-4.27
LogInit: Net CL: 17155196
LogInit: OS: Windows 10 (Release 2009) (), CPU: AMD Ryzen 9 5900HX with Radeon Graphics        , GPU: AMD Radeon(TM) Graphics
LogInit: Compiled (64-bit): Oct  6 2021 14:42:51
LogInit: Compiled with Visual C++: 19.24.28315.00
LogInit: Build Configuration: Development
LogInit: Branch Name: ++UE4+Release-4.27
LogInit: Command Line: 
LogInit: Base Directory: C:/Program Files/Epic Games/UE_4.27/Engine/Binaries/Win64/
LogInit: Allocator: TBB
LogInit: Installed Engine Build: 1
LogDevObjectVersion: Number of dev versions registered: 29
LogDevObjectVersion:   Dev-Blueprints (B0D832E4-1F89-4F0D-ACCF-7EB736FD4AA2): 10
LogDevObjectVersion:   Dev-Build (E1C64328-A22C-4D53-A36C-8E866417BD8C): 0
LogDevObjectVersion:   Dev-Core (375EC13C-06E4-48FB-B500-84F0262A717E): 4
LogDevObjectVersion:   Dev-Editor (E4B068ED-F494-42E9-A231-DA0B2E46BB41): 40
LogDevObjectVersion:   Dev-Framework (CFFC743F-43B0-4480-9391-14DF171D2073): 37
LogDevObjectVersion:   Dev-Mobile (B02B49B5-BB20-44E9-A304-32B752E40360): 3
LogDevObjectVersion:   Dev-Networking (A4E4105C-59A1-49B5-A7C5-40C4547EDFEE): 0
LogDevObjectVersion:   Dev-Online (39C831C9-5AE6-47DC-9A44-9C173E1C8E7C): 0
LogDevObjectVersion:   Dev-Physics (78F01B33-EBEA-4F98-B9B4-84EACCB95AA2): 14
LogDevObjectVersion:   Dev-Platform (6631380F-2D4D-43E0-8009-CF276956A95A): 0
LogDevObjectVersion:   Dev-Rendering (12F88B9F-8875-4AFC-A67C-D90C383ABD29): 45
LogDevObjectVersion:   Dev-Sequencer (7B5AE74C-D270-4C10-A958-57980B212A5A): 13
LogDevObjectVersion:   Dev-VR (D7296918-1DD6-4BDD-9DE2-64A83CC13884): 3
LogDevObjectVersion:   Dev-LoadTimes (C2A15278-BFE7-4AFE-6C17-90FF531DF755): 1
LogDevObjectVersion:   Private-Geometry (6EACA3D4-40EC-4CC1-B786-8BED09428FC5): 3
LogDevObjectVersion:   Dev-AnimPhys (29E575DD-E0A3-4627-9D10-D276232CDCEA): 17
LogDevObjectVersion:   Dev-Anim (AF43A65D-7FD3-4947-9873-3E8ED9C1BB05): 15
LogDevObjectVersion:   Dev-ReflectionCapture (6B266CEC-1EC7-4B8F-A30B-E4D90942FC07): 1
LogDevObjectVersion:   Dev-Automation (0DF73D61-A23F-47EA-B727-89E90C41499A): 1
LogDevObjectVersion:   FortniteMain (601D1886-AC64-4F84-AA16-D3DE0DEAC7D6): 47
LogDevObjectVersion:   FortniteRelease (E7086368-6B23-4C58-8439-1B7016265E91): 1
LogDevObjectVersion:   Dev-Enterprise (9DFFBCD6-494F-0158-E221-12823C92A888): 10
LogDevObjectVersion:   Dev-Niagara (F2AED0AC-9AFE-416F-8664-AA7FFA26D6FC): 1
LogDevObjectVersion:   Dev-Destruction (174F1F0B-B4C6-45A5-B13F-2EE8D0FB917D): 10
LogDevObjectVersion:   Dev-Physics-Ext (35F94A83-E258-406C-A318-09F59610247C): 41
LogDevObjectVersion:   Dev-PhysicsMaterial-Chaos (B68FC16E-8B1B-42E2-B453-215C058844FE): 1
LogDevObjectVersion:   Dev-CineCamera (B2E18506-4273-CFC2-A54E-F4BB758BBA07): 1
LogDevObjectVersion:   Dev-VirtualProduction (64F58936-FD1B-42BA-BA96-7289D5D0FA4E): 1
LogDevObjectVersion:   Dev-MediaFramework (6F0ED827-A609-4895-9C91-998D90180EA4): 2
LogInit: Presizing for max 25165824 objects, including 0 objects not considered by GC, pre-allocating 0 bytes for permanent pool.
LogConfig: Applying CVar settings from Section [/Script/Engine.StreamingSettings] File [D:/_MY/myProjects/UE/Github/UE4-SixPointRelighting/Saved/Config/Windows/Engine.ini]
LogConfig: Setting CVar [[s.MinBulkDataSizeForAsyncLoading:131072]]
LogConfig: Setting CVar [[s.AsyncLoadingThreadEnabled:0]]
LogConfig: Setting CVar [[s.EventDrivenLoaderEnabled:1]]
LogConfig: Setting CVar [[s.WarnIfTimeLimitExceeded:0]]
LogConfig: Setting CVar [[s.TimeLimitExceededMultiplier:1.5]]
LogConfig: Setting CVar [[s.TimeLimitExceededMinTime:0.005]]
LogConfig: Setting CVar [[s.UseBackgroundLevelStreaming:1]]
LogConfig: Setting CVar [[s.PriorityAsyncLoadingExtraTime:15.0]]
LogConfig: Setting CVar [[s.LevelStreamingActorsUpdateTimeLimit:5.0]]
LogConfig: Setting CVar [[s.PriorityLevelStreamingActorsUpdateExtraTime:5.0]]
LogConfig: Setting CVar [[s.LevelStreamingComponentsRegistrationGranularity:10]]
LogConfig: Setting CVar [[s.UnregisterComponentsTimeLimit:1.0]]
LogConfig: Setting CVar [[s.LevelStreamingComponentsUnregistrationGranularity:5]]
LogConfig: Setting CVar [[s.FlushStreamingOnExit:1]]
LogInit: Object subsystem initialized
LogConfig: Setting CVar [[con.DebugEarlyDefault:1]]
LogConfig: Setting CVar [[r.setres:1280x720]]
[2021.12.06-16.18.53:016][  0]LogConfig: Setting CVar [[r.VSync:0]]
[2021.12.06-16.18.53:016][  0]LogConfig: Setting CVar [[r.RHICmdBypass:0]]
[2021.12.06-16.18.53:016][  0]LogConfig: Applying CVar settings from Section [/Script/Engine.RendererSettings] File [D:/_MY/myProjects/UE/Github/UE4-SixPointRelighting/Saved/Config/Windows/Engine.ini]
[2021.12.06-16.18.53:016][  0]LogConfig: Setting CVar [[r.GPUCrashDebugging:0]]
[2021.12.06-16.18.53:016][  0]LogConfig: Applying CVar settings from Section [/Script/Engine.RendererOverrideSettings] File [D:/_MY/myProjects/UE/Github/UE4-SixPointRelighting/Saved/Config/Windows/Engine.ini]
[2021.12.06-16.18.53:016][  0]LogConfig: Applying CVar settings from Section [/Script/Engine.StreamingSettings] File [D:/_MY/myProjects/UE/Github/UE4-SixPointRelighting/Saved/Config/Windows/Engine.ini]
[2021.12.06-16.18.53:016][  0]LogConfig: Setting CVar [[s.MinBulkDataSizeForAsyncLoading:131072]]
[2021.12.06-16.18.53:016][  0]LogConfig: Setting CVar [[s.AsyncLoadingThreadEnabled:0]]
[2021.12.06-16.18.53:016][  0]LogConfig: Setting CVar [[s.EventDrivenLoaderEnabled:1]]
[2021.12.06-16.18.53:016][  0]LogConfig: Setting CVar [[s.WarnIfTimeLimitExceeded:0]]
[2021.12.06-16.18.53:016][  0]LogConfig: Setting CVar [[s.TimeLimitExceededMultiplier:1.5]]
[2021.12.06-16.18.53:016][  0]LogConfig: Setting CVar [[s.TimeLimitExceededMinTime:0.005]]
[2021.12.06-16.18.53:016][  0]LogConfig: Setting CVar [[s.UseBackgroundLevelStreaming:1]]
[2021.12.06-16.18.53:016][  0]LogConfig: Setting CVar [[s.PriorityAsyncLoadingExtraTime:15.0]]
[2021.12.06-16.18.53:016][  0]LogConfig: Setting CVar [[s.LevelStreamingActorsUpdateTimeLimit:5.0]]
[2021.12.06-16.18.53:016][  0]LogConfig: Setting CVar [[s.PriorityLevelStreamingActorsUpdateExtraTime:5.0]]
[2021.12.06-16.18.53:016][  0]LogConfig: Setting CVar [[s.LevelStreamingComponentsRegistrationGranularity:10]]
[2021.12.06-16.18.53:016][  0]LogConfig: Setting CVar [[s.UnregisterComponentsTimeLimit:1.0]]
[2021.12.06-16.18.53:016][  0]LogConfig: Setting CVar [[s.LevelStreamingComponentsUnregistrationGranularity:5]]
[2021.12.06-16.18.53:016][  0]LogConfig: Setting CVar [[s.FlushStreamingOnExit:1]]
[2021.12.06-16.18.53:016][  0]LogConfig: Applying CVar settings from Section [/Script/Engine.GarbageCollectionSettings] File [D:/_MY/myProjects/UE/Github/UE4-SixPointRelighting/Saved/Config/Windows/Engine.ini]
[2021.12.06-16.18.53:016][  0]LogConfig: Setting CVar [[gc.MaxObjectsNotConsideredByGC:1]]
[2021.12.06-16.18.53:016][  0]LogConfig: Setting CVar [[gc.SizeOfPermanentObjectPool:0]]
[2021.12.06-16.18.53:016][  0]LogConfig: Setting CVar [[gc.FlushStreamingOnGC:0]]
[2021.12.06-16.18.53:016][  0]LogConfig: Setting CVar [[gc.NumRetriesBeforeForcingGC:10]]
[2021.12.06-16.18.53:016][  0]LogConfig: Setting CVar [[gc.AllowParallelGC:1]]
[2021.12.06-16.18.53:016][  0]LogConfig: Setting CVar [[gc.TimeBetweenPurgingPendingKillObjects:61.1]]
[2021.12.06-16.18.53:016][  0]LogConfig: Setting CVar [[gc.MaxObjectsInEditor:25165824]]
[2021.12.06-16.18.53:016][  0]LogConfig: Setting CVar [[gc.IncrementalBeginDestroyEnabled:1]]
[2021.12.06-16.18.53:016][  0]LogConfig: Setting CVar [[gc.CreateGCClusters:1]]
[2021.12.06-16.18.53:016][  0]LogConfig: Setting CVar [[gc.MinGCClusterSize:5]]
[2021.12.06-16.18.53:016][  0]LogConfig: Setting CVar [[gc.ActorClusteringEnabled:0]]
[2021.12.06-16.18.53:016][  0]LogConfig: Setting CVar [[gc.BlueprintClusteringEnabled:0]]
[2021.12.06-16.18.53:016][  0]LogConfig: Setting CVar [[gc.UseDisregardForGCOnDedicatedServers:0]]
[2021.12.06-16.18.53:016][  0]LogConfig: Setting CVar [[gc.MultithreadedDestructionEnabled:1]]
[2021.12.06-16.18.53:016][  0]LogConfig: Applying CVar settings from Section [/Script/Engine.NetworkSettings] File [D:/_MY/myProjects/UE/Github/UE4-SixPointRelighting/Saved/Config/Windows/Engine.ini]
[2021.12.06-16.18.53:016][  0]LogConfig: Applying CVar settings from Section [/Script/UnrealEd.CookerSettings] File [D:/_MY/myProjects/UE/Github/UE4-SixPointRelighting/Saved/Config/Windows/Engine.ini]
[2021.12.06-16.18.53:022][  0]LogConfig: Applying CVar settings from Section [ViewDistanceQuality@3] File [D:/_MY/myProjects/UE/Github/UE4-SixPointRelighting/Saved/Config/Windows/Scalability.ini]
[2021.12.06-16.18.53:022][  0]LogConfig: Setting CVar [[r.SkeletalMeshLODBias:0]]
[2021.12.06-16.18.53:022][  0]LogConfig: Setting CVar [[r.ViewDistanceScale:1.0]]
[2021.12.06-16.18.53:022][  0]LogConfig: Applying CVar settings from Section [AntiAliasingQuality@3] File [D:/_MY/myProjects/UE/Github/UE4-SixPointRelighting/Saved/Config/Windows/Scalability.ini]
[2021.12.06-16.18.53:022][  0]LogConfig: Setting CVar [[r.PostProcessAAQuality:4]]
[2021.12.06-16.18.53:022][  0]LogConfig: Applying CVar settings from Section [ShadowQuality@3] File [D:/_MY/myProjects/UE/Github/UE4-SixPointRelighting/Saved/Config/Windows/Scalability.ini]
[2021.12.06-16.18.53:022][  0]LogConfig: Setting CVar [[r.LightFunctionQuality:1]]
[2021.12.06-16.18.53:022][  0]LogConfig: Setting CVar [[r.ShadowQuality:5]]
[2021.12.06-16.18.53:022][  0]LogConfig: Setting CVar [[r.Shadow.CSM.MaxCascades:10]]
[2021.12.06-16.18.53:022][  0]LogConfig: Setting CVar [[r.Shadow.MaxResolution:2048]]
[2021.12.06-16.18.53:022][  0]LogConfig: Setting CVar [[r.Shadow.MaxCSMResolution:2048]]
[2021.12.06-16.18.53:022][  0]LogConfig: Setting CVar [[r.Shadow.RadiusThreshold:0.01]]
[2021.12.06-16.18.53:022][  0]LogConfig: Setting CVar [[r.Shadow.DistanceScale:1.0]]
[2021.12.06-16.18.53:022][  0]LogConfig: Setting CVar [[r.Shadow.CSM.TransitionScale:1.0]]
[2021.12.06-16.18.53:022][  0]LogConfig: Setting CVar [[r.Shadow.PreShadowResolutionFactor:1.0]]
[2021.12.06-16.18.53:022][  0]LogConfig: Setting CVar [[r.DistanceFieldShadowing:1]]
[2021.12.06-16.18.53:022][  0]LogConfig: Setting CVar [[r.DistanceFieldAO:1]]
[2021.12.06-16.18.53:022][  0]LogConfig: Setting CVar [[r.AOQuality:2]]
[2021.12.06-16.18.53:022][  0]LogConfig: Setting CVar [[r.VolumetricFog:1]]
[2021.12.06-16.18.53:022][  0]LogConfig: Setting CVar [[r.VolumetricFog.GridPixelSize:8]]
[2021.12.06-16.18.53:022][  0]LogConfig: Setting CVar [[r.VolumetricFog.GridSizeZ:128]]
[2021.12.06-16.18.53:022][  0]LogConfig: Setting CVar [[r.VolumetricFog.HistoryMissSupersampleCount:4]]
[2021.12.06-16.18.53:022][  0]LogConfig: Setting CVar [[r.LightMaxDrawDistanceScale:1]]
[2021.12.06-16.18.53:022][  0]LogConfig: Setting CVar [[r.CapsuleShadows:1]]
[2021.12.06-16.18.53:022][  0]LogConfig: Applying CVar settings from Section [PostProcessQuality@3] File [D:/_MY/myProjects/UE/Github/UE4-SixPointRelighting/Saved/Config/Windows/Scalability.ini]
[2021.12.06-16.18.53:022][  0]LogConfig: Setting CVar [[r.MotionBlurQuality:4]]
[2021.12.06-16.18.53:022][  0]LogConfig: Setting CVar [[r.AmbientOcclusionMipLevelFactor:0.4]]
[2021.12.06-16.18.53:022][  0]LogConfig: Setting CVar [[r.AmbientOcclusionMaxQuality:100]]
[2021.12.06-16.18.53:022][  0]LogConfig: Setting CVar [[r.AmbientOcclusionLevels:-1]]
[2021.12.06-16.18.53:022][  0]LogConfig: Setting CVar [[r.AmbientOcclusionRadiusScale:1.0]]
[2021.12.06-16.18.53:022][  0]LogConfig: Setting CVar [[r.DepthOfFieldQuality:2]]
[2021.12.06-16.18.53:022][  0]LogConfig: Setting CVar [[r.RenderTargetPoolMin:400]]
[2021.12.06-16.18.53:022][  0]LogConfig: Setting CVar [[r.LensFlareQuality:2]]
[2021.12.06-16.18.53:022][  0]LogConfig: Setting CVar [[r.SceneColorFringeQuality:1]]
[2021.12.06-16.18.53:022][  0]LogConfig: Setting CVar [[r.EyeAdaptationQuality:2]]
[2021.12.06-16.18.53:022][  0]LogConfig: Setting CVar [[r.BloomQuality:5]]
[2021.12.06-16.18.53:022][  0]LogConfig: Setting CVar [[r.FastBlurThreshold:100]]
[2021.12.06-16.18.53:022][  0]LogConfig: Setting CVar [[r.Upscale.Quality:3]]
[2021.12.06-16.18.53:022][  0]LogConfig: Setting CVar [[r.Tonemapper.GrainQuantization:1]]
[2021.12.06-16.18.53:022][  0]LogConfig: Setting CVar [[r.LightShaftQuality:1]]
[2021.12.06-16.18.53:022][  0]LogConfig: Setting CVar [[r.Filter.SizeScale:1]]
[2021.12.06-16.18.53:022][  0]LogConfig: Setting CVar [[r.Tonemapper.Quality:5]]
[2021.12.06-16.18.53:022][  0]LogConfig: Setting CVar [[r.DOF.Gather.AccumulatorQuality:1        ; higher gathering accumulator quality]]
[2021.12.06-16.18.53:022][  0]LogConfig: Setting CVar [[r.DOF.Gather.PostfilterMethod:1          ; Median3x3 postfilering method]]
[2021.12.06-16.18.53:022][  0]LogConfig: Setting CVar [[r.DOF.Gather.EnableBokehSettings:0       ; no bokeh simulation when gathering]]
[2021.12.06-16.18.53:022][  0]LogConfig: Setting CVar [[r.DOF.Gather.RingCount:4                 ; medium number of samples when gathering]]
[2021.12.06-16.18.53:022][  0]LogConfig: Setting CVar [[r.DOF.Scatter.ForegroundCompositing:1    ; additive foreground scattering]]
[2021.12.06-16.18.53:022][  0]LogConfig: Setting CVar [[r.DOF.Scatter.BackgroundCompositing:2    ; additive background scattering]]
[2021.12.06-16.18.53:022][  0]LogConfig: Setting CVar [[r.DOF.Scatter.EnableBokehSettings:1      ; bokeh simulation when scattering]]
[2021.12.06-16.18.53:022][  0]LogConfig: Setting CVar [[r.DOF.Scatter.MaxSpriteRatio:0.1         ; only a maximum of 10% of scattered bokeh]]
[2021.12.06-16.18.53:022][  0]LogConfig: Setting CVar [[r.DOF.Recombine.Quality:1                ; cheap slight out of focus]]
[2021.12.06-16.18.53:022][  0]LogConfig: Setting CVar [[r.DOF.Recombine.EnableBokehSettings:0    ; no bokeh simulation on slight out of focus]]
[2021.12.06-16.18.53:022][  0]LogConfig: Setting CVar [[r.DOF.TemporalAAQuality:1                ; more stable temporal accumulation]]
[2021.12.06-16.18.53:022][  0]LogConfig: Setting CVar [[r.DOF.Kernel.MaxForegroundRadius:0.025]]
[2021.12.06-16.18.53:022][  0]LogConfig: Setting CVar [[r.DOF.Kernel.MaxBackgroundRadius:0.025]]
[2021.12.06-16.18.53:022][  0]LogConfig: Applying CVar settings from Section [TextureQuality@3] File [D:/_MY/myProjects/UE/Github/UE4-SixPointRelighting/Saved/Config/Windows/Scalability.ini]
[2021.12.06-16.18.53:022][  0]LogConfig: Setting CVar [[r.Streaming.MipBias:0]]
[2021.12.06-16.18.53:022][  0]LogConfig: Setting CVar [[r.Streaming.AmortizeCPUToGPUCopy:0]]
[2021.12.06-16.18.53:022][  0]LogConfig: Setting CVar [[r.Streaming.MaxNumTexturesToStreamPerFrame:0]]
[2021.12.06-16.18.53:022][  0]LogConfig: Setting CVar [[r.Streaming.Boost:1]]
[2021.12.06-16.18.53:022][  0]LogConfig: Setting CVar [[r.MaxAnisotropy:8]]
[2021.12.06-16.18.53:022][  0]LogConfig: Setting CVar [[r.VT.MaxAnisotropy:8]]
[2021.12.06-16.18.53:022][  0]LogConfig: Setting CVar [[r.Streaming.LimitPoolSizeToVRAM:0]]
[2021.12.06-16.18.53:022][  0]LogConfig: Setting CVar [[r.Streaming.PoolSize:1000]]
[2021.12.06-16.18.53:022][  0]LogConfig: Setting CVar [[r.Streaming.MaxEffectiveScreenSize:0]]
[2021.12.06-16.18.53:022][  0]LogConfig: Applying CVar settings from Section [EffectsQuality@3] File [D:/_MY/myProjects/UE/Github/UE4-SixPointRelighting/Saved/Config/Windows/Scalability.ini]
[2021.12.06-16.18.53:022][  0]LogConfig: Setting CVar [[r.TranslucencyLightingVolumeDim:64]]
[2021.12.06-16.18.53:022][  0]LogConfig: Setting CVar [[r.RefractionQuality:2]]
[2021.12.06-16.18.53:022][  0]LogConfig: Setting CVar [[r.SSR.Quality:3]]
[2021.12.06-16.18.53:022][  0]LogConfig: Setting CVar [[r.SSR.HalfResSceneColor:0]]
[2021.12.06-16.18.53:022][  0]LogConfig: Setting CVar [[r.SceneColorFormat:4]]
[2021.12.06-16.18.53:022][  0]LogConfig: Setting CVar [[r.DetailMode:2]]
[2021.12.06-16.18.53:022][  0]LogConfig: Setting CVar [[r.TranslucencyVolumeBlur:1]]
[2021.12.06-16.18.53:022][  0]LogConfig: Setting CVar [[r.MaterialQualityLevel:1 ; High quality]]
[2021.12.06-16.18.53:022][  0]LogConfig: Setting CVar [[r.AnisotropicMaterials:1]]
[2021.12.06-16.18.53:022][  0]LogConfig: Setting CVar [[r.SSS.Scale:1]]
[2021.12.06-16.18.53:022][  0]LogConfig: Setting CVar [[r.SSS.SampleSet:2]]
[2021.12.06-16.18.53:022][  0]LogConfig: Setting CVar [[r.SSS.Quality:1]]
[2021.12.06-16.18.53:022][  0]LogConfig: Setting CVar [[r.SSS.HalfRes:0]]
[2021.12.06-16.18.53:022][  0]LogConfig: Setting CVar [[r.SSGI.Quality:3]]
[2021.12.06-16.18.53:022][  0]LogConfig: Setting CVar [[r.EmitterSpawnRateScale:1.0]]
[2021.12.06-16.18.53:022][  0]LogConfig: Setting CVar [[r.ParticleLightQuality:2]]
[2021.12.06-16.18.53:022][  0]LogConfig: Setting CVar [[r.SkyAtmosphere.AerialPerspectiveLUT.FastApplyOnOpaque:1 ; Always have FastSkyLUT 1 in this case to avoid wrong sky]]
[2021.12.06-16.18.53:023][  0]LogConfig: Setting CVar [[r.SkyAtmosphere.AerialPerspectiveLUT.SampleCountMaxPerSlice:4]]
[2021.12.06-16.18.53:023][  0]LogConfig: Setting CVar [[r.SkyAtmosphere.AerialPerspectiveLUT.DepthResolution:16.0]]
[2021.12.06-16.18.53:023][  0]LogConfig: Setting CVar [[r.SkyAtmosphere.FastSkyLUT:1]]
[2021.12.06-16.18.53:023][  0]LogConfig: Setting CVar [[r.SkyAtmosphere.FastSkyLUT.SampleCountMin:4.0]]
[2021.12.06-16.18.53:023][  0]LogConfig: Setting CVar [[r.SkyAtmosphere.FastSkyLUT.SampleCountMax:128.0]]
[2021.12.06-16.18.53:023][  0]LogConfig: Setting CVar [[r.SkyAtmosphere.SampleCountMin:4.0]]
[2021.12.06-16.18.53:023][  0]LogConfig: Setting CVar [[r.SkyAtmosphere.SampleCountMax:128.0]]
[2021.12.06-16.18.53:023][  0]LogConfig: Setting CVar [[r.SkyAtmosphere.TransmittanceLUT.UseSmallFormat:0]]
[2021.12.06-16.18.53:023][  0]LogConfig: Setting CVar [[r.SkyAtmosphere.TransmittanceLUT.SampleCount:10.0]]
[2021.12.06-16.18.53:023][  0]LogConfig: Setting CVar [[r.SkyAtmosphere.MultiScatteringLUT.SampleCount:15.0]]
[2021.12.06-16.18.53:023][  0]LogConfig: Setting CVar [[r.SkyLight.RealTimeReflectionCapture:1]]
[2021.12.06-16.18.53:023][  0]LogConfig: Applying CVar settings from Section [FoliageQuality@3] File [D:/_MY/myProjects/UE/Github/UE4-SixPointRelighting/Saved/Config/Windows/Scalability.ini]
[2021.12.06-16.18.53:023][  0]LogConfig: Setting CVar [[foliage.DensityScale:1.0]]
[2021.12.06-16.18.53:023][  0]LogConfig: Setting CVar [[grass.DensityScale:1.0]]
[2021.12.06-16.18.53:023][  0]LogConfig: Applying CVar settings from Section [ShadingQuality@3] File [D:/_MY/myProjects/UE/Github/UE4-SixPointRelighting/Saved/Config/Windows/Scalability.ini]
[2021.12.06-16.18.53:023][  0]LogConfig: Setting CVar [[r.HairStrands.SkyLighting.IntegrationType:2]]
[2021.12.06-16.18.53:023][  0]LogConfig: Setting CVar [[r.HairStrands.SkyAO.SampleCount:4]]
[2021.12.06-16.18.53:023][  0]LogConfig: Setting CVar [[r.HairStrands.Visibility.MSAA.SamplePerPixel:4]]
[2021.12.06-16.18.53:023][  0]LogInit: Selected Device Profile: [Windows]
[2021.12.06-16.18.53:023][  0]LogInit: Applying CVar settings loaded from the selected device profile: [Windows]
[2021.12.06-16.18.53:023][  0]LogHAL: Display: Platform has ~ 16 GB [16559386624 / 17179869184 / 16], which maps to Larger [LargestMinGB=32, LargerMinGB=12, DefaultMinGB=8, SmallerMinGB=6, SmallestMinGB=0)
[2021.12.06-16.18.53:023][  0]LogInit: Going up to parent DeviceProfile []
[2021.12.06-16.18.53:023][  0]LogConfig: Applying CVar settings from Section [ViewDistanceQuality@3] File [D:/_MY/myProjects/UE/Github/UE4-SixPointRelighting/Saved/Config/Windows/Scalability.ini]
[2021.12.06-16.18.53:023][  0]LogConfig: Setting CVar [[r.SkeletalMeshLODBias:0]]
[2021.12.06-16.18.53:023][  0]LogConfig: Setting CVar [[r.ViewDistanceScale:1.0]]
[2021.12.06-16.18.53:023][  0]LogConfig: Applying CVar settings from Section [AntiAliasingQuality@3] File [D:/_MY/myProjects/UE/Github/UE4-SixPointRelighting/Saved/Config/Windows/Scalability.ini]
[2021.12.06-16.18.53:023][  0]LogConfig: Setting CVar [[r.PostProcessAAQuality:4]]
[2021.12.06-16.18.53:023][  0]LogConfig: Applying CVar settings from Section [ShadowQuality@3] File [D:/_MY/myProjects/UE/Github/UE4-SixPointRelighting/Saved/Config/Windows/Scalability.ini]
[2021.12.06-16.18.53:023][  0]LogConfig: Setting CVar [[r.LightFunctionQuality:1]]
[2021.12.06-16.18.53:023][  0]LogConfig: Setting CVar [[r.ShadowQuality:5]]
[2021.12.06-16.18.53:023][  0]LogConfig: Setting CVar [[r.Shadow.CSM.MaxCascades:10]]
[2021.12.06-16.18.53:023][  0]LogConfig: Setting CVar [[r.Shadow.MaxResolution:2048]]
[2021.12.06-16.18.53:023][  0]LogConfig: Setting CVar [[r.Shadow.MaxCSMResolution:2048]]
[2021.12.06-16.18.53:023][  0]LogConfig: Setting CVar [[r.Shadow.RadiusThreshold:0.01]]
[2021.12.06-16.18.53:023][  0]LogConfig: Setting CVar [[r.Shadow.DistanceScale:1.0]]
[2021.12.06-16.18.53:023][  0]LogConfig: Setting CVar [[r.Shadow.CSM.TransitionScale:1.0]]
[2021.12.06-16.18.53:023][  0]LogConfig: Setting CVar [[r.Shadow.PreShadowResolutionFactor:1.0]]
[2021.12.06-16.18.53:023][  0]LogConfig: Setting CVar [[r.DistanceFieldShadowing:1]]
[2021.12.06-16.18.53:023][  0]LogConfig: Setting CVar [[r.DistanceFieldAO:1]]
[2021.12.06-16.18.53:023][  0]LogConfig: Setting CVar [[r.AOQuality:2]]
[2021.12.06-16.18.53:023][  0]LogConfig: Setting CVar [[r.VolumetricFog:1]]
[2021.12.06-16.18.53:023][  0]LogConfig: Setting CVar [[r.VolumetricFog.GridPixelSize:8]]
[2021.12.06-16.18.53:023][  0]LogConfig: Setting CVar [[r.VolumetricFog.GridSizeZ:128]]
[2021.12.06-16.18.53:023][  0]LogConfig: Setting CVar [[r.VolumetricFog.HistoryMissSupersampleCount:4]]
[2021.12.06-16.18.53:023][  0]LogConfig: Setting CVar [[r.LightMaxDrawDistanceScale:1]]
[2021.12.06-16.18.53:023][  0]LogConfig: Setting CVar [[r.CapsuleShadows:1]]
[2021.12.06-16.18.53:023][  0]LogConfig: Applying CVar settings from Section [PostProcessQuality@3] File [D:/_MY/myProjects/UE/Github/UE4-SixPointRelighting/Saved/Config/Windows/Scalability.ini]
[2021.12.06-16.18.53:023][  0]LogConfig: Setting CVar [[r.MotionBlurQuality:4]]
[2021.12.06-16.18.53:023][  0]LogConfig: Setting CVar [[r.AmbientOcclusionMipLevelFactor:0.4]]
[2021.12.06-16.18.53:023][  0]LogConfig: Setting CVar [[r.AmbientOcclusionMaxQuality:100]]
[2021.12.06-16.18.53:023][  0]LogConfig: Setting CVar [[r.AmbientOcclusionLevels:-1]]
[2021.12.06-16.18.53:023][  0]LogConfig: Setting CVar [[r.AmbientOcclusionRadiusScale:1.0]]
[2021.12.06-16.18.53:023][  0]LogConfig: Setting CVar [[r.DepthOfFieldQuality:2]]
[2021.12.06-16.18.53:023][  0]LogConfig: Setting CVar [[r.RenderTargetPoolMin:400]]
[2021.12.06-16.18.53:023][  0]LogConfig: Setting CVar [[r.LensFlareQuality:2]]
[2021.12.06-16.18.53:023][  0]LogConfig: Setting CVar [[r.SceneColorFringeQuality:1]]
[2021.12.06-16.18.53:023][  0]LogConfig: Setting CVar [[r.EyeAdaptationQuality:2]]
[2021.12.06-16.18.53:023][  0]LogConfig: Setting CVar [[r.BloomQuality:5]]
[2021.12.06-16.18.53:023][  0]LogConfig: Setting CVar [[r.FastBlurThreshold:100]]
[2021.12.06-16.18.53:023][  0]LogConfig: Setting CVar [[r.Upscale.Quality:3]]
[2021.12.06-16.18.53:023][  0]LogConfig: Setting CVar [[r.Tonemapper.GrainQuantization:1]]
[2021.12.06-16.18.53:023][  0]LogConfig: Setting CVar [[r.LightShaftQuality:1]]
[2021.12.06-16.18.53:023][  0]LogConfig: Setting CVar [[r.Filter.SizeScale:1]]
[2021.12.06-16.18.53:023][  0]LogConfig: Setting CVar [[r.Tonemapper.Quality:5]]
[2021.12.06-16.18.53:023][  0]LogConfig: Setting CVar [[r.DOF.Gather.AccumulatorQuality:1        ; higher gathering accumulator quality]]
[2021.12.06-16.18.53:023][  0]LogConfig: Setting CVar [[r.DOF.Gather.PostfilterMethod:1          ; Median3x3 postfilering method]]
[2021.12.06-16.18.53:023][  0]LogConfig: Setting CVar [[r.DOF.Gather.EnableBokehSettings:0       ; no bokeh simulation when gathering]]
[2021.12.06-16.18.53:023][  0]LogConfig: Setting CVar [[r.DOF.Gather.RingCount:4                 ; medium number of samples when gathering]]
[2021.12.06-16.18.53:023][  0]LogConfig: Setting CVar [[r.DOF.Scatter.ForegroundCompositing:1    ; additive foreground scattering]]
[2021.12.06-16.18.53:023][  0]LogConfig: Setting CVar [[r.DOF.Scatter.BackgroundCompositing:2    ; additive background scattering]]
[2021.12.06-16.18.53:023][  0]LogConfig: Setting CVar [[r.DOF.Scatter.EnableBokehSettings:1      ; bokeh simulation when scattering]]
[2021.12.06-16.18.53:023][  0]LogConfig: Setting CVar [[r.DOF.Scatter.MaxSpriteRatio:0.1         ; only a maximum of 10% of scattered bokeh]]
[2021.12.06-16.18.53:023][  0]LogConfig: Setting CVar [[r.DOF.Recombine.Quality:1                ; cheap slight out of focus]]
[2021.12.06-16.18.53:023][  0]LogConfig: Setting CVar [[r.DOF.Recombine.EnableBokehSettings:0    ; no bokeh simulation on slight out of focus]]
[2021.12.06-16.18.53:023][  0]LogConfig: Setting CVar [[r.DOF.TemporalAAQuality:1                ; more stable temporal accumulation]]
[2021.12.06-16.18.53:023][  0]LogConfig: Setting CVar [[r.DOF.Kernel.MaxForegroundRadius:0.025]]
[2021.12.06-16.18.53:023][  0]LogConfig: Setting CVar [[r.DOF.Kernel.MaxBackgroundRadius:0.025]]
[2021.12.06-16.18.53:023][  0]LogConfig: Applying CVar settings from Section [TextureQuality@3] File [D:/_MY/myProjects/UE/Github/UE4-SixPointRelighting/Saved/Config/Windows/Scalability.ini]
[2021.12.06-16.18.53:023][  0]LogConfig: Setting CVar [[r.Streaming.MipBias:0]]
[2021.12.06-16.18.53:023][  0]LogConfig: Setting CVar [[r.Streaming.AmortizeCPUToGPUCopy:0]]
[2021.12.06-16.18.53:023][  0]LogConfig: Setting CVar [[r.Streaming.MaxNumTexturesToStreamPerFrame:0]]
[2021.12.06-16.18.53:023][  0]LogConfig: Setting CVar [[r.Streaming.Boost:1]]
[2021.12.06-16.18.53:023][  0]LogConfig: Setting CVar [[r.MaxAnisotropy:8]]
[2021.12.06-16.18.53:023][  0]LogConfig: Setting CVar [[r.VT.MaxAnisotropy:8]]
[2021.12.06-16.18.53:023][  0]LogConfig: Setting CVar [[r.Streaming.LimitPoolSizeToVRAM:0]]
[2021.12.06-16.18.53:023][  0]LogConfig: Setting CVar [[r.Streaming.PoolSize:1000]]
[2021.12.06-16.18.53:023][  0]LogConfig: Setting CVar [[r.Streaming.MaxEffectiveScreenSize:0]]
[2021.12.06-16.18.53:023][  0]LogConfig: Applying CVar settings from Section [EffectsQuality@3] File [D:/_MY/myProjects/UE/Github/UE4-SixPointRelighting/Saved/Config/Windows/Scalability.ini]
[2021.12.06-16.18.53:023][  0]LogConfig: Setting CVar [[r.TranslucencyLightingVolumeDim:64]]
[2021.12.06-16.18.53:024][  0]LogConfig: Setting CVar [[r.RefractionQuality:2]]
[2021.12.06-16.18.53:024][  0]LogConfig: Setting CVar [[r.SSR.Quality:3]]
[2021.12.06-16.18.53:024][  0]LogConfig: Setting CVar [[r.SSR.HalfResSceneColor:0]]
[2021.12.06-16.18.53:024][  0]LogConfig: Setting CVar [[r.SceneColorFormat:4]]
[2021.12.06-16.18.53:024][  0]LogConfig: Setting CVar [[r.DetailMode:2]]
[2021.12.06-16.18.53:024][  0]LogConfig: Setting CVar [[r.TranslucencyVolumeBlur:1]]
[2021.12.06-16.18.53:024][  0]LogConfig: Setting CVar [[r.MaterialQualityLevel:1 ; High quality]]
[2021.12.06-16.18.53:024][  0]LogConfig: Setting CVar [[r.AnisotropicMaterials:1]]
[2021.12.06-16.18.53:024][  0]LogConfig: Setting CVar [[r.SSS.Scale:1]]
[2021.12.06-16.18.53:024][  0]LogConfig: Setting CVar [[r.SSS.SampleSet:2]]
[2021.12.06-16.18.53:024][  0]LogConfig: Setting CVar [[r.SSS.Quality:1]]
[2021.12.06-16.18.53:024][  0]LogConfig: Setting CVar [[r.SSS.HalfRes:0]]
[2021.12.06-16.18.53:024][  0]LogConfig: Setting CVar [[r.SSGI.Quality:3]]
[2021.12.06-16.18.53:024][  0]LogConfig: Setting CVar [[r.EmitterSpawnRateScale:1.0]]
[2021.12.06-16.18.53:024][  0]LogConfig: Setting CVar [[r.ParticleLightQuality:2]]
[2021.12.06-16.18.53:024][  0]LogConfig: Setting CVar [[r.SkyAtmosphere.AerialPerspectiveLUT.FastApplyOnOpaque:1 ; Always have FastSkyLUT 1 in this case to avoid wrong sky]]
[2021.12.06-16.18.53:024][  0]LogConfig: Setting CVar [[r.SkyAtmosphere.AerialPerspectiveLUT.SampleCountMaxPerSlice:4]]
[2021.12.06-16.18.53:024][  0]LogConfig: Setting CVar [[r.SkyAtmosphere.AerialPerspectiveLUT.DepthResolution:16.0]]
[2021.12.06-16.18.53:024][  0]LogConfig: Setting CVar [[r.SkyAtmosphere.FastSkyLUT:1]]
[2021.12.06-16.18.53:024][  0]LogConfig: Setting CVar [[r.SkyAtmosphere.FastSkyLUT.SampleCountMin:4.0]]
[2021.12.06-16.18.53:024][  0]LogConfig: Setting CVar [[r.SkyAtmosphere.FastSkyLUT.SampleCountMax:128.0]]
[2021.12.06-16.18.53:024][  0]LogConfig: Setting CVar [[r.SkyAtmosphere.SampleCountMin:4.0]]
[2021.12.06-16.18.53:024][  0]LogConfig: Setting CVar [[r.SkyAtmosphere.SampleCountMax:128.0]]
[2021.12.06-16.18.53:024][  0]LogConfig: Setting CVar [[r.SkyAtmosphere.TransmittanceLUT.UseSmallFormat:0]]
[2021.12.06-16.18.53:024][  0]LogConfig: Setting CVar [[r.SkyAtmosphere.TransmittanceLUT.SampleCount:10.0]]
[2021.12.06-16.18.53:024][  0]LogConfig: Setting CVar [[r.SkyAtmosphere.MultiScatteringLUT.SampleCount:15.0]]
[2021.12.06-16.18.53:024][  0]LogConfig: Setting CVar [[r.SkyLight.RealTimeReflectionCapture:1]]
[2021.12.06-16.18.53:024][  0]LogConfig: Applying CVar settings from Section [FoliageQuality@3] File [D:/_MY/myProjects/UE/Github/UE4-SixPointRelighting/Saved/Config/Windows/Scalability.ini]
[2021.12.06-16.18.53:024][  0]LogConfig: Setting CVar [[foliage.DensityScale:1.0]]
[2021.12.06-16.18.53:024][  0]LogConfig: Setting CVar [[grass.DensityScale:1.0]]
[2021.12.06-16.18.53:024][  0]LogConfig: Applying CVar settings from Section [ShadingQuality@3] File [D:/_MY/myProjects/UE/Github/UE4-SixPointRelighting/Saved/Config/Windows/Scalability.ini]
[2021.12.06-16.18.53:024][  0]LogConfig: Setting CVar [[r.HairStrands.SkyLighting.IntegrationType:2]]
[2021.12.06-16.18.53:024][  0]LogConfig: Setting CVar [[r.HairStrands.SkyAO.SampleCount:4]]
[2021.12.06-16.18.53:024][  0]LogConfig: Setting CVar [[r.HairStrands.Visibility.MSAA.SamplePerPixel:4]]
[2021.12.06-16.18.53:024][  0]LogConfig: Applying CVar settings from Section [Startup] File [../../../Engine/Config/ConsoleVariables.ini]
[2021.12.06-16.18.53:024][  0]LogConfig: Setting CVar [[net.UseAdaptiveNetUpdateFrequency:0]]
[2021.12.06-16.18.53:024][  0]LogConfig: Setting CVar [[p.chaos.AllowCreatePhysxBodies:1]]
[2021.12.06-16.18.53:024][  0]LogConfig: Setting CVar [[fx.SkipVectorVMBackendOptimizations:1]]
[2021.12.06-16.18.53:024][  0]LogConfig: Applying CVar settings from Section [ConsoleVariables] File [D:/_MY/myProjects/UE/Github/UE4-SixPointRelighting/Saved/Config/Windows/Engine.ini]
[2021.12.06-16.18.53:024][  0]LogConfig: Applying CVar settings from Section [ConsoleVariables] File [D:/_MY/myProjects/UE/Github/UE4-SixPointRelighting/Saved/Config/Windows/Editor.ini]
[2021.12.06-16.18.53:024][  0]LogInit: Computer: LAPTOP-K3NQM7A3
[2021.12.06-16.18.53:024][  0]LogInit: User: MohsenBis
[2021.12.06-16.18.53:024][  0]LogInit: CPU Page size=4096, Cores=8
[2021.12.06-16.18.53:025][  0]LogInit: High frequency timer resolution =10.000000 MHz
[2021.12.06-16.18.53:025][  0]LogMemory: Memory total: Physical=15.4GB (16GB approx)
[2021.12.06-16.18.53:025][  0]LogMemory: Platform Memory Stats for Windows
[2021.12.06-16.18.53:025][  0]LogMemory: Process Physical Memory: 147.91 MB used, 147.92 MB peak
[2021.12.06-16.18.53:025][  0]LogMemory: Process Virtual Memory: 123.13 MB used, 123.13 MB peak
[2021.12.06-16.18.53:025][  0]LogMemory: Physical Memory: 9427.00 MB used,  6365.26 MB free, 15792.26 MB total
[2021.12.06-16.18.53:025][  0]LogMemory: Virtual Memory: 134213760.00 MB used,  3969.95 MB free, 134217728.00 MB total
[2021.12.06-16.18.53:028][  0]LogWindows: WindowsPlatformFeatures enabled
[2021.12.06-16.18.53:057][  0]LogInit: Physics initialised using underlying interface: PhysX
[2021.12.06-16.18.53:059][  0]LogInit: Using OS detected language (en-US).
[2021.12.06-16.18.53:059][  0]LogInit: Using OS detected locale (en-SG).
[2021.12.06-16.18.53:061][  0]LogTextLocalizationManager: No specific localization for 'en-US' exists, so the 'en' localization will be used.
[2021.12.06-16.18.53:211][  0]LogInit: Setting process to per monitor DPI aware
[2021.12.06-16.18.53:221][  0]LogWindowsTextInputMethodSystem: Display: IME system deactivated.
[2021.12.06-16.18.53:232][  0]LogSlate: New Slate User Created.  User Index 0, Is Virtual User: 0
[2021.12.06-16.18.53:232][  0]LogSlate: Slate User Registered.  User Index 0, Is Virtual User: 0
[2021.12.06-16.18.53:329][  0]LogD3D11RHI: Loaded GFSDK_Aftermath_Lib.x64.dll
[2021.12.06-16.18.53:341][  0]LogHMD: Failed to initialize OpenVR with code 110
[2021.12.06-16.18.53:341][  0]LogD3D11RHI: D3D11 min allowed feature level: 11_0
[2021.12.06-16.18.53:341][  0]LogD3D11RHI: D3D11 max allowed feature level: 11_0
[2021.12.06-16.18.53:341][  0]LogD3D11RHI: D3D11 adapters:
[2021.12.06-16.18.53:423][  0]LogD3D11RHI:    0. 'NVIDIA GeForce RTX 3060 Laptop GPU' (Feature Level 11_0)
[2021.12.06-16.18.53:423][  0]LogD3D11RHI:       6023/0/7896 MB DedicatedVideo/DedicatedSystem/SharedSystem, Outputs:2, VendorId:0x10de
[2021.12.06-16.18.53:444][  0]LogD3D11RHI:    1. 'AMD Radeon(TM) Graphics' (Feature Level 11_0)
[2021.12.06-16.18.53:444][  0]LogD3D11RHI:       496/0/7896 MB DedicatedVideo/DedicatedSystem/SharedSystem, Outputs:0, VendorId:0x1002
[2021.12.06-16.18.53:446][  0]LogD3D11RHI:    2. 'Microsoft Basic Render Driver' (Feature Level 11_0)
[2021.12.06-16.18.53:446][  0]LogD3D11RHI:       0/0/7896 MB DedicatedVideo/DedicatedSystem/SharedSystem, Outputs:0, VendorId:0x1414
[2021.12.06-16.18.53:446][  0]LogD3D11RHI: Chosen D3D11 Adapter:
[2021.12.06-16.18.53:446][  0]LogD3D11RHI:     Description : NVIDIA GeForce RTX 3060 Laptop GPU
[2021.12.06-16.18.53:446][  0]LogD3D11RHI:     VendorId    : 10de
[2021.12.06-16.18.53:446][  0]LogD3D11RHI:     DeviceId    : 2520
[2021.12.06-16.18.53:446][  0]LogD3D11RHI:     SubSysId    : 107c1043
[2021.12.06-16.18.53:446][  0]LogD3D11RHI:     Revision    : 00a1
[2021.12.06-16.18.53:446][  0]LogD3D11RHI:     DedicatedVideoMemory : 6315573248 bytes
[2021.12.06-16.18.53:446][  0]LogD3D11RHI:     DedicatedSystemMemory : 0 bytes
[2021.12.06-16.18.53:446][  0]LogD3D11RHI:     SharedSystemMemory : 8279693312 bytes
[2021.12.06-16.18.53:446][  0]LogD3D11RHI:     AdapterLuid : 0 55472
[2021.12.06-16.18.53:453][  0]LogD3D11RHI: Creating new Direct3DDevice
[2021.12.06-16.18.53:453][  0]LogD3D11RHI:     GPU DeviceId: 0x2520 (for the marketing name, search the web for "GPU Device Id")
[2021.12.06-16.18.53:453][  0]LogWindows: EnumDisplayDevices:
[2021.12.06-16.18.53:453][  0]LogWindows:    0. 'AMD Radeon(TM) Graphics' (P:0 D:1)
[2021.12.06-16.18.53:453][  0]LogWindows:    1. 'AMD Radeon(TM) Graphics' (P:1 D:1)
[2021.12.06-16.18.53:453][  0]LogWindows:    2. 'AMD Radeon(TM) Graphics' (P:0 D:0)
[2021.12.06-16.18.53:453][  0]LogWindows:    3. 'AMD Radeon(TM) Graphics' (P:0 D:0)
[2021.12.06-16.18.53:454][  0]LogWindows:    4. 'NVIDIA GeForce RTX 3060 Laptop GPU' (P:0 D:0)
[2021.12.06-16.18.53:454][  0]LogWindows:    5. 'NVIDIA GeForce RTX 3060 Laptop GPU' (P:0 D:0)
[2021.12.06-16.18.53:454][  0]LogWindows:    6. 'NVIDIA GeForce RTX 3060 Laptop GPU' (P:0 D:0)
[2021.12.06-16.18.53:454][  0]LogWindows:    7. 'NVIDIA GeForce RTX 3060 Laptop GPU' (P:0 D:0)
[2021.12.06-16.18.53:454][  0]LogWindows: DebugString: PrimaryIsNotTheChoosenAdapter PrimaryIsNotTheChoosenAdapter PrimaryIsNotTheChoosenAdapter PrimaryIsNotTheChoosenAdapter FoundDriverCount:4 
[2021.12.06-16.18.53:454][  0]LogD3D11RHI:     Adapter Name: NVIDIA GeForce RTX 3060 Laptop GPU
[2021.12.06-16.18.53:454][  0]LogD3D11RHI:   Driver Version: 472.12 (internal:30.0.14.7212, unified:472.12)
[2021.12.06-16.18.53:454][  0]LogD3D11RHI:      Driver Date: 9-13-2021
[2021.12.06-16.18.53:454][  0]LogRHI: Texture pool is 4216 MB (70% of 6023 MB)
[2021.12.06-16.18.53:454][  0]LogD3D11RHI: Creating D3DDevice using adapter:
[2021.12.06-16.18.53:454][  0]LogD3D11RHI:     Description : NVIDIA GeForce RTX 3060 Laptop GPU
[2021.12.06-16.18.53:454][  0]LogD3D11RHI:     VendorId    : 10de
[2021.12.06-16.18.53:454][  0]LogD3D11RHI:     DeviceId    : 2520
[2021.12.06-16.18.53:454][  0]LogD3D11RHI:     SubSysId    : 107c1043
[2021.12.06-16.18.53:454][  0]LogD3D11RHI:     Revision    : 00a1
[2021.12.06-16.18.53:454][  0]LogD3D11RHI:     DedicatedVideoMemory : 6315573248 bytes
[2021.12.06-16.18.53:454][  0]LogD3D11RHI:     DedicatedSystemMemory : 0 bytes
[2021.12.06-16.18.53:454][  0]LogD3D11RHI:     SharedSystemMemory : 8279693312 bytes
[2021.12.06-16.18.53:454][  0]LogD3D11RHI:     AdapterLuid : 0 55472
[2021.12.06-16.18.53:514][  0]LogD3D11RHI: RHI has support for 64 bit atomics
[2021.12.06-16.18.53:514][  0]LogD3D11RHI: Async texture creation enabled
[2021.12.06-16.18.53:514][  0]LogD3D11RHI: Array index from any shader is supported
[2021.12.06-16.18.53:536][  0]LogD3D11RHI: GPU Timing Frequency: 1000.000000 (Debug: 2 2)
[2021.12.06-16.18.53:553][  0]LogRHI: GeForceNow SDK initialized: 1
[2021.12.06-16.18.53:756][  0]LogTargetPlatformManager: Display: Loaded TargetPlatform 'AllDesktop'
[2021.12.06-16.18.53:773][  0]LogTargetPlatformManager: Display: Loaded TargetPlatform 'Android'
[2021.12.06-16.18.53:773][  0]LogTargetPlatformManager: Display: Loaded TargetPlatform 'Android_ASTC'
[2021.12.06-16.18.53:773][  0]LogTargetPlatformManager: Display: Loaded TargetPlatform 'Android_DXT'
[2021.12.06-16.18.53:773][  0]LogTargetPlatformManager: Display: Loaded TargetPlatform 'Android_ETC2'
[2021.12.06-16.18.53:773][  0]LogTargetPlatformManager: Display: Loaded TargetPlatform 'AndroidClient'
[2021.12.06-16.18.53:773][  0]LogTargetPlatformManager: Display: Loaded TargetPlatform 'Android_ASTCClient'
[2021.12.06-16.18.53:773][  0]LogTargetPlatformManager: Display: Loaded TargetPlatform 'Android_DXTClient'
[2021.12.06-16.18.53:773][  0]LogTargetPlatformManager: Display: Loaded TargetPlatform 'Android_ETC2Client'
[2021.12.06-16.18.53:773][  0]LogTargetPlatformManager: Display: Loaded TargetPlatform 'Android_Multi'
[2021.12.06-16.18.53:773][  0]LogTargetPlatformManager: Display: Loaded TargetPlatform 'Android_MultiClient'
[2021.12.06-16.18.53:787][  0]LogTargetPlatformManager: Display: Loaded TargetPlatform 'IOSClient'
[2021.12.06-16.18.53:787][  0]LogTargetPlatformManager: Display: Loaded TargetPlatform 'IOS'
[2021.12.06-16.18.53:796][  0]LogTargetPlatformManager: Display: Loaded TargetPlatform 'Linux'
[2021.12.06-16.18.53:801][  0]LogTargetPlatformManager: Display: Loaded TargetPlatform 'LinuxNoEditor'
[2021.12.06-16.18.53:805][  0]LogTargetPlatformManager: Display: Loaded TargetPlatform 'LinuxClient'
[2021.12.06-16.18.53:808][  0]LogTargetPlatformManager: Display: Loaded TargetPlatform 'LinuxServer'
[2021.12.06-16.18.53:816][  0]LogTargetPlatformManager: Display: Loaded TargetPlatform 'LinuxAArch64NoEditor'
[2021.12.06-16.18.53:819][  0]LogTargetPlatformManager: Display: Loaded TargetPlatform 'LinuxAArch64Client'
[2021.12.06-16.18.53:823][  0]LogTargetPlatformManager: Display: Loaded TargetPlatform 'LinuxAArch64Server'
[2021.12.06-16.18.53:844][  0]LogTargetPlatformManager: Display: Loaded TargetPlatform 'Lumin'
[2021.12.06-16.18.53:844][  0]LogTargetPlatformManager: Display: Loaded TargetPlatform 'LuminClient'
[2021.12.06-16.18.53:851][  0]LogTargetPlatformManager: Display: Loaded TargetPlatform 'MacNoEditor'
[2021.12.06-16.18.53:854][  0]LogTargetPlatformManager: Display: Loaded TargetPlatform 'Mac'
[2021.12.06-16.18.53:857][  0]LogTargetPlatformManager: Display: Loaded TargetPlatform 'MacClient'
[2021.12.06-16.18.53:860][  0]LogTargetPlatformManager: Display: Loaded TargetPlatform 'MacServer'
[2021.12.06-16.18.53:869][  0]LogTargetPlatformManager: Display: Loaded TargetPlatform 'TVOSClient'
[2021.12.06-16.18.53:869][  0]LogTargetPlatformManager: Display: Loaded TargetPlatform 'TVOS'
[2021.12.06-16.18.53:875][  0]LogTargetPlatformManager: Display: Loaded TargetPlatform 'WindowsNoEditor'
[2021.12.06-16.18.53:879][  0]LogTargetPlatformManager: Display: Loaded TargetPlatform 'Windows'
[2021.12.06-16.18.53:882][  0]LogTargetPlatformManager: Display: Loaded TargetPlatform 'WindowsClient'
[2021.12.06-16.18.53:886][  0]LogTargetPlatformManager: Display: Loaded TargetPlatform 'WindowsServer'
[2021.12.06-16.18.53:886][  0]LogTargetPlatformManager: Display: Building Assets For Windows
[2021.12.06-16.18.53:891][  0]LogAudioDebug: Display: Lib vorbis DLL was dynamically loaded.
[2021.12.06-16.18.53:912][  0]LogTextureFormatOodle: Display: Oodle Texture 2.9.0 init RDO Off
[2021.12.06-16.18.53:933][  0]LogRendererCore: Ray tracing is disabled. Reason: r.RayTracing=0.
[2021.12.06-16.18.53:934][  0]LogShaderCompilers: Guid format shader working directory is 0 characters bigger than the processId version (D:/_MY/myProjects/UE/Github/UE4-SixPointRelighting/Intermediate/Shaders/WorkingDirectory/16472/).
[2021.12.06-16.18.53:934][  0]LogShaderCompilers: Cleaned the shader compiler working directory 'C:/Users/Mohsen.Bis/AppData/Local/Temp/UnrealShaderWorkingDir/2A6F12E04D63B6F67A028089CDE5B0A0/'.
[2021.12.06-16.18.53:934][  0]LogXGEController: Cannot use XGE Controller as Incredibuild is not installed on this machine.
[2021.12.06-16.18.53:934][  0]LogShaderCompilers: Cannot use XGE Shader Compiler as Incredibuild is not installed on this machine.
[2021.12.06-16.18.53:934][  0]LogShaderCompilers: Display: Using Local Shader Compiler.
[2021.12.06-16.18.54:467][  0]LogDerivedDataCache: Display: Max Cache Size: 512 MB
[2021.12.06-16.18.54:515][  0]LogDerivedDataCache: Loaded boot cache 0.05s 95MB C:/Users/Mohsen.Bis/AppData/Local/UnrealEngine/4.27/DerivedDataCache/Boot.ddc.
[2021.12.06-16.18.54:515][  0]LogDerivedDataCache: Display: Loaded Boot cache: C:/Users/Mohsen.Bis/AppData/Local/UnrealEngine/4.27/DerivedDataCache/Boot.ddc
[2021.12.06-16.18.54:515][  0]LogDerivedDataCache: FDerivedDataBackendGraph:  Pak pak cache file D:/_MY/myProjects/UE/Github/UE4-SixPointRelighting/DerivedDataCache/DDC.ddp not found, will not use a pak cache.
[2021.12.06-16.18.54:515][  0]LogDerivedDataCache: Unable to find inner node Pak for hierarchical cache Hierarchy.
[2021.12.06-16.18.54:515][  0]LogDerivedDataCache: FDerivedDataBackendGraph:  CompressedPak pak cache file D:/_MY/myProjects/UE/Github/UE4-SixPointRelighting/DerivedDataCache/Compressed.ddp not found, will not use a pak cache.
[2021.12.06-16.18.54:515][  0]LogDerivedDataCache: Unable to find inner node CompressedPak for hierarchical cache Hierarchy.
[2021.12.06-16.18.54:529][  0]LogDerivedDataCache: Display: Pak cache opened for reading ../../../Engine/DerivedDataCache/Compressed.ddp.
[2021.12.06-16.18.54:529][  0]LogDerivedDataCache: FDerivedDataBackendGraph:  EnterprisePak pak cache file ../../../Enterprise/DerivedDataCache/Compressed.ddp not found, will not use a pak cache.
[2021.12.06-16.18.54:529][  0]LogDerivedDataCache: Unable to find inner node EnterprisePak for hierarchical cache Hierarchy.
[2021.12.06-16.18.54:536][  0]LogDerivedDataCache: Speed tests for C:/Users/Mohsen.Bis/AppData/Local/UnrealEngine/Common/DerivedDataCache took 0.01 seconds
[2021.12.06-16.18.54:536][  0]LogDerivedDataCache: Display: Performance to C:/Users/Mohsen.Bis/AppData/Local/UnrealEngine/Common/DerivedDataCache: Latency=0.02ms. RandomReadSpeed=362.97MBs, RandomWriteSpeed=200.92MBs. Assigned SpeedClass 'Local'
[2021.12.06-16.18.54:537][  0]LogDerivedDataCache: Using Local data cache path C:/Users/Mohsen.Bis/AppData/Local/UnrealEngine/Common/DerivedDataCache: Writable
[2021.12.06-16.18.54:537][  0]LogDerivedDataCache: Shared data cache path not found in *engine.ini, will not use an Shared cache.
[2021.12.06-16.18.54:537][  0]LogDerivedDataCache: Unable to find inner node Shared for hierarchical cache Hierarchy.
[2021.12.06-16.18.54:571][  0]LogSlate: Using FreeType 2.10.0
[2021.12.06-16.18.54:571][  0]LogSlate: SlateFontServices - WITH_FREETYPE: 1, WITH_HARFBUZZ: 1
[2021.12.06-16.18.54:590][  0]LogAssetRegistry: FAssetRegistry took 0.0027 seconds to start up
[2021.12.06-16.18.54:770][  0]LogInit: Selected Device Profile: [Windows]
[2021.12.06-16.18.54:770][  0]LogInit: Active device profile: [000002A518D84D00][000002A510F65580 49] Windows
[2021.12.06-16.18.54:770][  0]LogInit: Profiles: [000002A518D84D00][000002A510F65580 49] Windows, [000002A518D4A300][000002A510DA5700 49] WindowsNoEditor, [000002A518D85C00][000002A510DA9880 49] WindowsServer, [000002A518D4B100][000002A510DADA00 49] WindowsClient, [000002A518D86900][000002A510DB1B80 49] IOS, [000002A518D49A00][000002A5195C6180 49] iPadAir, [000002A518D87E00][000002A5195CA300 49] iPadAir2, [000002A518CC9100][000002A510F68580 49] IPadPro, [000002A518CC9200][000002A5195D25C0 49] iPadAir3, [000002A518D48C00][000002A5195D6700 49] iPadAir4, [000002A518CC9E00][000002A5195DA840 49] iPadMini2, [000002A518D4B300][000002A518178980 49] iPadMini3, [000002A518CCB900][000002A518180B00 49] iPadMini4, [000002A518D49000][000002A518184C80 49] iPadMini5, [000002A518CE4900][000002A51818CF40 49] iPhone6, [000002A518CE4A00][000002A518188F80 49] iPodTouch6, [000002A518D86E00][000002A51281B240 49] iPhone7, [000002A518D86F00][000002A512817280 49] iPodTouch7, [000002A518CCBE00][000002A51281F400 49] iPhone5S, [000002A518D85000][000002A51282D580 49] iPhone6Plus, [000002A518CE4100][000002A512831700 49] iPhone6S, [000002A518CC8300][000002A5100FB880 49] iPhone6SPlus, [000002A518CE6800][000002A51812DA00 49] iPhone7Plus, [000002A518CCA400][000002A5199CDB80 49] iPhoneSE, [000002A518CE6600][000002A51815C180 49] iPhone8, [000002A518CC8400][000002A518160300 49] iPhone8Plus, [000002A518CE7100][000002A518164480 49] iPhoneX, [000002A518D85500][000002A518168600 49] iPhoneXS, [000002A518CE6B00][000002A51817C740 49] iPhoneXSMax, [000002A518D84700][000002A518170880 49] iPhoneXR, [000002A518CE4800][000002A5199D49C0 49] iPhone11, [000002A518D85100][000002A5199D8B00 49] iPhone11Pro, [000002A518CE5A00][000002A5199E0C80 49] iPhone11ProMax, [000002A518D87700][000002A5199E4E00 49] iPhoneSE2, [000002A518CE7800][000002A5199E8F80 49] iPhone12Mini, [000002A518D86300][000002A5199ED100 49] iPhone12, [000002A518CE7200][000002A51280F280 49] iPhone12Pro, [000002A518D85300][000002A512813400 49] iPhone12ProMax, [000002A518CE5500][000002A51816D580 49] iPadPro105, [000002A518D84A00][000002A5195BD700 49] iPadPro129, [000002A518CE7D00][000002A5195C1880 49] iPadPro97, [000002A518D86A00][000002A510D91A00 49] iPadPro2_129, [000002A518CE4E00][000002A510D95B80 49] iPad5, [000002A518D85F00][000002A510D98180 49] iPad6, [000002A518CE5300][000002A518158300 49] iPad7, [000002A518D84200][000002A5199D0480 49] iPad8, [000002A518CE4300][000002A510D9C600 49] iPadPro11, [000002A518D87100][000002A510DA0780 49] iPadPro2_11, [000002A518CE5600][000002A510EE6900 49] iPadPro3_129, [000002A518D86700][000002A5199DCA40 49] iPadPro4_129, [000002A518CE5000][000002A510EEAB80 49] AppleTV, [000002A518D84900][000002A510EEECC0 49] AppleTV4K, [000002A518CE6300][000002A510EF6E40 49] TVOS, [000002A518D84300][000002A510EA8FC0 49] Mac, [000002A518CE7600][000002A510EAD140 49] MacClient, [000002A518D87900][000002A510EB12C0 49] MacNoEditor, [000002A518CE7000][000002A510EB5440 49] MacServer, [000002A518D84800][000002A510EB95C0 49] Linux, [000002A518CE5D00][000002A510EBD740 49] LinuxAArch64, [000002A518D86B00][000002A510EC18C0 49] LinuxNoEditor, [000002A518CE7B00][000002A510EC5A40 49] LinuxAArch64NoEditor, [000002A518D84400][000002A510EC9BC0 49] LinuxClient, [000002A518CE6D00][000002A510ECC1C0 49] LinuxAArch64Client, [000002A518D87500][000002A51008E340 49] LinuxServer, [000002A518CE7F00][000002A5100924C0 49] LinuxAArch64Server, [000002A518D87A00][000002A510096640 49] Android, [000002A518CE5C00][000002A51009A7C0 49] Android_Low, [000002A518D86100][000002A51009E940 49] Android_Mid, [000002A518CE6200][000002A5100A2AC0 49] Android_High, [000002A518D87400][000002A510EF2C00 49] Android_Default, [000002A518CE5F00][000002A5100A6D40 49] Android_Adreno4xx, [000002A518D84B00][000002A5100AAE80 49] Android_Adreno5xx_Low, [000002A518CE6F00][000002A5100AEFC0 49] Android_Adreno5xx, [000002A518D87D00][000002A5100B7140 49] Android_Adreno6xx, [000002A518D48500][000002A5100BB2C0 49] Android_Adreno6xx_Vulkan, [000002A518CC9500][000002A5100BF440 49] Android_Mali_T6xx, [000002A518D49100][000002A5100C35C0 49] Android_Mali_T7xx, [000002A518CCB300][000002A5100C7740 49] Android_Mali_T8xx, [000002A518D4AF00][000002A5127A98C0 49] Android_Mali_G71, [000002A518CC8100][000002A5127ADA40 49] Android_Mali_G72, [000002A518D49600][000002A5127B1BC0 49] Android_Mali_G72_Vulkan, [000002A518CC9300][000002A5127B41C0 49] Android_Mali_G76, [000002A518D4BD00][000002A5127B8340 49] Android_Mali_G76_Vulkan, [000002A518CCAC00][000002A5127BC4C0 49] Android_Mali_G77, [000002A518D49500][000002A5127C0640 49] Android_Mali_G77_Vulkan, [000002A518CC9800][000002A5127C47C0 49] Android_Mali_G78, [000002A518D4A200][000002A5127C8940 49] Android_Mali_G78_Vulkan, [000002A518CCBD00][000002A5127CCAC0 49] Android_Mali_G710, [000002A518D48300][000002A5127D0C40 49] Android_Mali_G710_Vulkan, [000002A518CC8200][000002A5100B2D80 49] Android_Vulkan_SM5, [000002A518D48800][000002A5127D4EC0 49] Android_PowerVR_G6xxx, [000002A518CCA500][000002A5127D9000 49] Android_PowerVR_GT7xxx, [000002A518D48E00][000002A5127DD140 49] Android_PowerVR_GE8xxx, [000002A518CC9400][000002A5127E52C0 49] Android_PowerVR_GM9xxx, [000002A518D48D00][000002A5127E9440 49] Android_PowerVR_GM9xxx_Vulkan, [000002A518CCA600][000002A5127ED5C0 49] Android_TegraK1, [000002A518D49E00][000002A5127F1740 49] Android_Unknown_Vulkan, [000002A518CCBC00][000002A5127F58C0 49] Lumin, [000002A518D48A00][000002A5127F9A40 49] Lumin_Desktop, [000002A518CCBB00][000002A5127FDBC0 49] HoloLens, 
[2021.12.06-16.18.54:864][  0]LogMeshReduction: Using QuadricMeshReduction for automatic static mesh reduction
[2021.12.06-16.18.54:864][  0]LogMeshReduction: Using SimplygonMeshReduction for automatic skeletal mesh reduction
[2021.12.06-16.18.54:864][  0]LogMeshReduction: Using ProxyLODMeshReduction for automatic mesh merging
[2021.12.06-16.18.54:864][  0]LogMeshReduction: No distributed automatic mesh merging module available
[2021.12.06-16.18.54:864][  0]LogMeshMerging: No distributed automatic mesh merging module available
[2021.12.06-16.18.54:876][  0]LogNetVersion: PyroToUE_UEProject 1.0.0, NetCL: 17155196, EngineNetVer: 17, GameNetVer: 0 (Checksum: 249679876)
[2021.12.06-16.18.55:143][  0]LogTexture: Default maximum texture size for cubemaps generated from long-lat sources has been changed from 512 to unlimited. In order to preserve old behaiour for '/Engine/MapTemplates/Sky/DaylightAmbientCubemap.DaylightAmbientCubemap', its maximum texture size has been explicitly set to 512.
[2021.12.06-16.18.55:190][  0]LogHMD: PokeAHoleMaterial loaded successfully
[2021.12.06-16.18.55:195][  0]LogUObjectArray: 17178 objects as part of root set at end of initial load.
[2021.12.06-16.18.55:195][  0]LogUObjectAllocator: 4301856 out of 0 bytes used by permanent object pool.
[2021.12.06-16.18.55:195][  0]LogUObjectArray: CloseDisregardForGC: 0/0 objects in disregard for GC pool
[2021.12.06-16.18.55:393][  0]LogNiagaraDebuggerClient: Niagara Debugger Client Initialized | Session: A0C6D50A474EC850C678B99254619ADC | Instance: 7596C6894E3D5A0B66561E928411A2C3 (LAPTOP-K3NQM7A3-16472).
[2021.12.06-16.18.55:464][  0]LogImageWrapper: Warning: PNG Warning: Duplicate iCCP chunk
[2021.12.06-16.18.55:464][  0]LogImageWrapper: Warning: PNG Warning: Duplicate iCCP chunk
[2021.12.06-16.18.55:484][  0]LogPython: Using Python 3.7.7
[2021.12.06-16.18.55:879][  0]LogTcpMessaging: Initializing TcpMessaging bridge
[2021.12.06-16.18.55:883][  0]LogUdpMessaging: Initializing bridge on interface 0.0.0.0:0 to multicast group 230.0.0.1:6666.
[2021.12.06-16.18.55:995][  0]SourceControl: Source control is disabled
[2021.12.06-16.18.55:996][  0]SourceControl: Source control is disabled
[2021.12.06-16.18.56:001][  0]SourceControl: Source control is disabled
[2021.12.06-16.18.56:003][  0]SourceControl: Source control is disabled
[2021.12.06-16.18.56:005][  0]SourceControl: Source control is disabled
[2021.12.06-16.18.56:007][  0]LogUProjectInfo: Found projects:
[2021.12.06-16.18.56:151][  0]LogOpenImageDenoise: OIDN starting up
[2021.12.06-16.18.56:195][  0]LogAndroidPermission: UAndroidPermissionCallbackProxy::GetInstance
[2021.12.06-16.18.56:221][  0]LogAudioCaptureCore: Display: No Audio Capture implementations found. Audio input will be silent.
[2021.12.06-16.18.56:221][  0]LogAudioCaptureCore: Display: No Audio Capture implementations found. Audio input will be silent.
[2021.12.06-16.18.56:255][  0]LogHoudiniEngine: Starting the Houdini Engine module...
[2021.12.06-16.18.56:256][  0]LogHoudiniEngine: Loaded libHAPIL.dll from Registry path C:/Program Files/Side Effects Software/Houdini 19.0.383/bin
[2021.12.06-16.18.56:257][  0]LogLinker: Warning: Asset '../../Plugins/Runtime/HoudiniEngine/Content/houdini_default_material.uasset' has been saved with empty engine version. The asset will be loaded but may be incompatible.
[2021.12.06-16.18.56:338][  0]LogCollectionManager: Loaded 0 collections in 0.001435 seconds
[2021.12.06-16.18.56:358][  0]LogFileCache: Scanning file cache for directory 'D:/_MY/myProjects/UE/Github/UE4-SixPointRelighting/Saved/Collections/' took 0.00s
[2021.12.06-16.18.56:358][  0]LogFileCache: Scanning file cache for directory 'D:/_MY/myProjects/UE/Github/UE4-SixPointRelighting/Content/Developers/MohsenBis/Collections/' took 0.00s
[2021.12.06-16.18.56:358][  0]LogFileCache: Scanning file cache for directory 'D:/_MY/myProjects/UE/Github/UE4-SixPointRelighting/Content/Collections/' took 0.00s
[2021.12.06-16.18.56:358][  0]LogOcInput: OculusInput pre-init called
[2021.12.06-16.18.56:507][  0]LogImageWrapper: Warning: PNG Warning: Duplicate iCCP chunk
[2021.12.06-16.18.56:508][  0]LogImageWrapper: Warning: PNG Warning: Duplicate iCCP chunk
[2021.12.06-16.18.56:520][  0]LogClass: Warning: BoolProperty FHoudiniGeoPartObject::bHasEditLayers is not initialized properly even though its struct probably has a custom default constructor. Module:HoudiniEngineRuntime File:Private/HoudiniGeoPartObject.h
[2021.12.06-16.18.56:520][  0]LogClass: Display: BoolProperty FHoudiniInstancedOutputPartData::bMaterialOverrideNeedsCreateInstance is not initialized properly. Module:HoudiniEngine File:Private/HoudiniInstanceTranslator.h
[2021.12.06-16.18.56:521][  0]LogClass: Display: 2 Uninitialized script struct members found including 0 object properties
[2021.12.06-16.18.56:521][  0]LogAutomationTest: Warning: BoolProperty FHoudiniGeoPartObject::bHasEditLayers is not initialized properly even though its struct probably has a custom default constructor. Module:HoudiniEngineRuntime File:Private/HoudiniGeoPartObject.h
[2021.12.06-16.18.56:522][  0]LogEngine: Initializing Engine...
[2021.12.06-16.18.56:524][  0]LogHMD: Failed to enumerate extensions. Please check that you have a valid OpenXR runtime installed.
[2021.12.06-16.18.56:524][  0]LogHMD: Failed to initialize OpenVR with code 110
[2021.12.06-16.18.56:524][  0]LogMagicLeap: Warning: VR disabled because ZI is not enabled.  To enable, in the editor, Edit -> Project Settings -> Plugins -> Magic Leap Plugin -> Enable Zero Iteration
[2021.12.06-16.18.56:525][  0]LogStats: UGameplayTagsManager::InitializeManager -  0.000 s
[2021.12.06-16.18.56:611][  0]LogInit: Initializing FReadOnlyCVARCache
[2021.12.06-16.18.56:617][  0]LogAIModule: Creating AISystem for world Untitled
[2021.12.06-16.18.56:629][  0]LogAudio: Display: Initializing Audio Device Manager...
[2021.12.06-16.18.56:631][  0]LogAudio: Display: Loading Default Audio Settings Objects...
[2021.12.06-16.18.56:632][  0]LogAudio: Display: No default SoundConcurrencyObject specified (or failed to load).
[2021.12.06-16.18.56:632][  0]LogAudio: Display: Audio Device Manager Initialized
[2021.12.06-16.18.56:632][  0]LogAudio: Display: Creating Audio Device:                 Id: 1, Scope: Shared, Realtime: True
[2021.12.06-16.18.56:632][  0]LogAudioMixer: Display: Audio Mixer Platform Settings:
[2021.12.06-16.18.56:632][  0]LogAudioMixer: Display: 	Sample Rate:						  48000
[2021.12.06-16.18.56:632][  0]LogAudioMixer: Display: 	Callback Buffer Frame Size Requested: 1024
[2021.12.06-16.18.56:632][  0]LogAudioMixer: Display: 	Callback Buffer Frame Size To Use:	  1024
[2021.12.06-16.18.56:632][  0]LogAudioMixer: Display: 	Number of buffers to queue:			  2
[2021.12.06-16.18.56:632][  0]LogAudioMixer: Display: 	Max Channels (voices):				  32
[2021.12.06-16.18.56:632][  0]LogAudioMixer: Display: 	Number of Async Source Workers:		  0
[2021.12.06-16.18.56:632][  0]LogAudio: Display: AudioDevice MaxSources: 32
[2021.12.06-16.18.56:633][  0]LogAudio: Display: Audio Spatialization Plugin: None (built-in).
[2021.12.06-16.18.56:633][  0]LogAudio: Display: Audio Reverb Plugin: None (built-in).
[2021.12.06-16.18.56:633][  0]LogAudio: Display: Audio Occlusion Plugin: None (built-in).
[2021.12.06-16.18.56:633][  0]LogAudioMixer: Display: Initializing audio mixer.
[2021.12.06-16.18.56:641][  0]LogAudioMixer: Display: 0: FrontLeft
[2021.12.06-16.18.56:641][  0]LogAudioMixer: Display: 1: FrontRight
[2021.12.06-16.18.56:839][  0]LogAudioMixer: Display: Using Audio Device Speakers (Realtek(R) Audio)
[2021.12.06-16.18.56:844][  0]LogAudioMixer: Display: Initializing Sound Submixes...
[2021.12.06-16.18.56:845][  0]LogAudioMixer: Display: Creating Master Submix 'MasterSubmixDefault'
[2021.12.06-16.18.56:845][  0]LogAudioMixer: Display: Creating Master Submix 'MasterReverbSubmixDefault'
[2021.12.06-16.18.56:846][  0]LogAudioMixer: Display: Creating Master Submix 'MasterEQSubmixDefault'
[2021.12.06-16.18.56:847][  0]LogAudioMixer: FMixerPlatformXAudio2::StartAudioStream() called
[2021.12.06-16.18.56:847][  0]LogAudioMixer: Display: Output buffers initialized: Frames=1024, Channels=2, Samples=2048
[2021.12.06-16.18.56:848][  0]LogAudioMixer: Display: Starting AudioMixerPlatformInterface::RunInternal()
[2021.12.06-16.18.56:848][  0]LogAudioMixer: Display: FMixerPlatformXAudio2::SubmitBuffer() called for the first time
[2021.12.06-16.18.56:848][  0]LogInit: FAudioDevice initialized.
[2021.12.06-16.18.56:848][  0]LogAudio: Display: Audio Device (ID: 1) registered with world 'Untitled'.
[2021.12.06-16.18.56:848][  0]LogNetVersion: Set ProjectVersion to 1.0.0.0. Version Checksum will be recalculated on next use.
[2021.12.06-16.18.56:896][  0]LogDerivedDataCache: Saved boot cache 0.05s 95MB C:/Users/Mohsen.Bis/AppData/Local/UnrealEngine/4.27/DerivedDataCache/Boot.ddc.
[2021.12.06-16.18.56:897][  0]LogInit: Texture streaming: Enabled
[2021.12.06-16.18.56:906][  0]LogAnalytics: Display: [UEEditor.Rocket.Release] APIServer = https://datarouter.ol.epicgames.com/. AppVersion = 4.27.1-17735300+++UE4+Release-4.27
[2021.12.06-16.18.56:908][  0]LogEngineSessionManager: EngineSessionManager initialized
[2021.12.06-16.18.56:908][  0]LogEditorSessionSummary: Verbose: Initializing EditorSessionSummaryWriter for editor session tracking
[2021.12.06-16.18.56:910][  0]LogEditorSessionSummary: EditorSessionSummaryWriter initialized
[2021.12.06-16.18.56:928][  0]LogInit: Transaction tracking system initialized
[2021.12.06-16.18.56:942][  0]BlueprintLog: New page: Editor Load
[2021.12.06-16.18.56:985][  0]LocalizationService: Localization service is disabled
[2021.12.06-16.18.57:000][  0]TimingProfiler: Initialize
[2021.12.06-16.18.57:000][  0]TimingProfiler: OnSessionChanged
[2021.12.06-16.18.57:000][  0]LoadingProfiler: Initialize
[2021.12.06-16.18.57:000][  0]LoadingProfiler: OnSessionChanged
[2021.12.06-16.18.57:000][  0]NetworkingProfiler: Initialize
[2021.12.06-16.18.57:000][  0]NetworkingProfiler: OnSessionChanged
[2021.12.06-16.18.57:000][  0]MemoryProfiler: Initialize
[2021.12.06-16.18.57:000][  0]MemoryProfiler: OnSessionChanged
[2021.12.06-16.18.57:105][  0]LogCook: Display: CookSettings for Memory: MemoryMaxUsedVirtual 0MiB, MemoryMaxUsedPhysical 16384MiB, MemoryMinFreeVirtual 0MiB, MemoryMinFreePhysical 1024MiB
[2021.12.06-16.18.57:105][  0]LogCook: Display: Mobile HDR setting 1
[2021.12.06-16.18.57:237][  0]LogFileCache: Scanning file cache for directory 'D:/_MY/myProjects/UE/Github/UE4-SixPointRelighting/Content/' took 0.00s
[2021.12.06-16.18.57:237][  0]LogHoudiniEngineEditor: Starting the Houdini Engine Editor module.
[2021.12.06-16.18.57:240][  0]LogHoudiniEngineEditor: Houdini Spline Component Visualizer Registered!
[2021.12.06-16.18.57:240][  0]LogHoudiniEngineEditor: Houdini Engine Editor module startup complete.
[2021.12.06-16.18.57:375][  0]LogImageWrapper: Warning: PNG Warning: Duplicate iCCP chunk
[2021.12.06-16.18.57:375][  0]LogImageWrapper: Warning: PNG Warning: Duplicate iCCP chunk
[2021.12.06-16.18.57:375][  0]LogInit: Display: Engine is initialized. Leaving FEngineLoop::Init()
[2021.12.06-16.18.57:378][  0]SourceControl: Source control is disabled
[2021.12.06-16.18.57:378][  0]LogUnrealEdMisc: Loading editor; pre map load, took 5.074
[2021.12.06-16.18.57:378][  0]Cmd: MAP LOAD FILE="D:/_MY/myProjects/UE/Github/UE4-SixPointRelighting/Content/HoudiniToUE/L_HoudiniExplosion.umap" TEMPLATE=0 SHOWPROGRESS=1 FEATURELEVEL=3
[2021.12.06-16.18.57:378][  0]LightingResults: New page: Lighting Build
[2021.12.06-16.18.57:379][  0]LogWorld: UWorld::CleanupWorld for Untitled, bSessionEnded=true, bCleanupResources=true
[2021.12.06-16.18.57:379][  0]LogSlate: InvalidateAllWidgets triggered.  All widgets were invalidated
[2021.12.06-16.18.57:379][  0]MapCheck: New page: Map Check
[2021.12.06-16.18.57:379][  0]LightingResults: New page: Lighting Build
[2021.12.06-16.18.57:383][  0]LogAudio: Display: Audio Device unregistered from world 'None'.
[2021.12.06-16.18.57:386][  0]LogUObjectHash: Compacting FUObjectHashTables data took   0.71ms
[2021.12.06-16.18.57:581][  0]LogShaderCompilers: Display: Submitted 1 shader compile jobs with 'Normal' priority
[2021.12.06-16.18.57:583][  0]LogShaderCompilers: Display: Submitted 1 shader compile jobs with 'Normal' priority
[2021.12.06-16.18.57:584][  0]LogShaderCompilers: Display: Worker (1/13): shaders left to compile 2
[2021.12.06-16.18.57:584][  0]LogShaderCompilers: Display: Worker (2/13): shaders left to compile 1
[2021.12.06-16.18.57:584][  0]LogShaderCompilers: Display: Started 2 'Local' shader compile jobs with 'Normal' priority
[2021.12.06-16.18.57:584][  0]LogAudio: Display: Audio Device (ID: 1) registered with world 'L_HoudiniExplosion'.
[2021.12.06-16.18.57:585][  0]LogAIModule: Creating AISystem for world L_HoudiniExplosion
[2021.12.06-16.18.57:597][  0]LogEditorServer: Finished looking for orphan Actors (0.000 secs)
[2021.12.06-16.18.57:602][  0]LogUObjectHash: Compacting FUObjectHashTables data took   0.78ms
[2021.12.06-16.18.57:602][  0]Cmd: MAP CHECKDEP NOCLEARLOG
[2021.12.06-16.18.57:603][  0]MapCheck: Map check complete: 0 Error(s), 0 Warning(s), took 0.089ms to complete.
[2021.12.06-16.18.57:603][  0]LogFileHelpers: Loading map 'L_HoudiniExplosion' took 0.225
[2021.12.06-16.18.57:604][  0]LogUnrealEdMisc: Total Editor Startup Time, took 5.301
[2021.12.06-16.18.57:708][  0]LogSlate: Updating window title bar state: overlay mode, drag disabled, window buttons hidden, title bar hidden
[2021.12.06-16.18.57:714][  0]LogSlate: Updating window title bar state: overlay mode, drag disabled, window buttons hidden, title bar hidden
[2021.12.06-16.18.57:720][  0]LogSlate: Updating window title bar state: overlay mode, drag disabled, window buttons hidden, title bar hidden
[2021.12.06-16.18.57:725][  0]LogSlate: Updating window title bar state: overlay mode, drag disabled, window buttons hidden, title bar hidden
[2021.12.06-16.18.57:738][  0]LogNativeClassHierarchy: Verbose: Native class hierarchy populated in 0.0095 seconds. Added 3929 classes and 938 folders.
[2021.12.06-16.18.57:741][  0]LogNativeClassHierarchy: Verbose: Native class hierarchy updated for 'WidgetCarousel' in 0.0003 seconds. Added 0 classes and 0 folders.
[2021.12.06-16.18.57:742][  0]LogPakFile: PakFile PrimaryIndexSize=187
[2021.12.06-16.18.57:742][  0]LogPakFile: PakFile PathHashIndexSize=101
[2021.12.06-16.18.57:742][  0]LogPakFile: PakFile FullDirectoryIndexSize=148
[2021.12.06-16.18.57:742][  0]LogShaderLibrary: Display: ShaderCodeLibraryPakFileMountedCallback: PakFile 'C:/Program Files/Epic Games/UE_4.27/FeaturePacks/FP_FirstPerson.upack' (chunk index -1, root 'root:/') mounted
[2021.12.06-16.18.57:742][  0]LogShaderLibrary: Display: ShaderCodeLibraryPakFileMountedCallback: pending pak file info (ChunkID:-1 Root:root:/ File:C:/Program Files/Epic Games/UE_4.27/FeaturePacks/FP_FirstPerson.upack)
[2021.12.06-16.18.57:742][  0]LogPakFile: OnPakFileMounted2Time == 0.000053
[2021.12.06-16.18.57:743][  0]LogPakFile: PakFile PrimaryIndexSize=189
[2021.12.06-16.18.57:743][  0]LogPakFile: PakFile PathHashIndexSize=101
[2021.12.06-16.18.57:743][  0]LogPakFile: PakFile FullDirectoryIndexSize=152
[2021.12.06-16.18.57:743][  0]LogShaderLibrary: Display: ShaderCodeLibraryPakFileMountedCallback: PakFile 'C:/Program Files/Epic Games/UE_4.27/FeaturePacks/FP_FirstPersonBP.upack' (chunk index -1, root 'root:/') mounted
[2021.12.06-16.18.57:743][  0]LogShaderLibrary: Display: ShaderCodeLibraryPakFileMountedCallback: pending pak file info (ChunkID:-1 Root:root:/ File:C:/Program Files/Epic Games/UE_4.27/FeaturePacks/FP_FirstPersonBP.upack)
[2021.12.06-16.18.57:743][  0]LogPakFile: OnPakFileMounted2Time == 0.000027
[2021.12.06-16.18.57:743][  0]LogPakFile: PakFile PrimaryIndexSize=191
[2021.12.06-16.18.57:743][  0]LogPakFile: PakFile PathHashIndexSize=101
[2021.12.06-16.18.57:743][  0]LogPakFile: PakFile FullDirectoryIndexSize=160
[2021.12.06-16.18.57:743][  0]LogShaderLibrary: Display: ShaderCodeLibraryPakFileMountedCallback: PakFile 'C:/Program Files/Epic Games/UE_4.27/FeaturePacks/MobileStarterContent.upack' (chunk index -1, root 'root:/') mounted
[2021.12.06-16.18.57:743][  0]LogShaderLibrary: Display: ShaderCodeLibraryPakFileMountedCallback: pending pak file info (ChunkID:-1 Root:root:/ File:C:/Program Files/Epic Games/UE_4.27/FeaturePacks/MobileStarterContent.upack)
[2021.12.06-16.18.57:743][  0]LogPakFile: OnPakFileMounted2Time == 0.000023
[2021.12.06-16.18.57:743][  0]LogPakFile: PakFile PrimaryIndexSize=185
[2021.12.06-16.18.57:743][  0]LogPakFile: PakFile PathHashIndexSize=101
[2021.12.06-16.18.57:743][  0]LogPakFile: PakFile FullDirectoryIndexSize=148
[2021.12.06-16.18.57:743][  0]LogShaderLibrary: Display: ShaderCodeLibraryPakFileMountedCallback: PakFile 'C:/Program Files/Epic Games/UE_4.27/FeaturePacks/StarterContent.upack' (chunk index -1, root 'root:/') mounted
[2021.12.06-16.18.57:743][  0]LogShaderLibrary: Display: ShaderCodeLibraryPakFileMountedCallback: pending pak file info (ChunkID:-1 Root:root:/ File:C:/Program Files/Epic Games/UE_4.27/FeaturePacks/StarterContent.upack)
[2021.12.06-16.18.57:743][  0]LogPakFile: OnPakFileMounted2Time == 0.000027
[2021.12.06-16.18.57:744][  0]LogPakFile: PakFile PrimaryIndexSize=190
[2021.12.06-16.18.57:744][  0]LogPakFile: PakFile PathHashIndexSize=101
[2021.12.06-16.18.57:744][  0]LogPakFile: PakFile FullDirectoryIndexSize=154
[2021.12.06-16.18.57:744][  0]LogShaderLibrary: Display: ShaderCodeLibraryPakFileMountedCallback: PakFile 'C:/Program Files/Epic Games/UE_4.27/FeaturePacks/TP_2DSideScroller.upack' (chunk index -1, root 'root:/') mounted
[2021.12.06-16.18.57:744][  0]LogShaderLibrary: Display: ShaderCodeLibraryPakFileMountedCallback: pending pak file info (ChunkID:-1 Root:root:/ File:C:/Program Files/Epic Games/UE_4.27/FeaturePacks/TP_2DSideScroller.upack)
[2021.12.06-16.18.57:744][  0]LogPakFile: OnPakFileMounted2Time == 0.000023
[2021.12.06-16.18.57:744][  0]LogPakFile: PakFile PrimaryIndexSize=192
[2021.12.06-16.18.57:744][  0]LogPakFile: PakFile PathHashIndexSize=101
[2021.12.06-16.18.57:744][  0]LogPakFile: PakFile FullDirectoryIndexSize=158
[2021.12.06-16.18.57:744][  0]LogShaderLibrary: Display: ShaderCodeLibraryPakFileMountedCallback: PakFile 'C:/Program Files/Epic Games/UE_4.27/FeaturePacks/TP_2DSideScrollerBP.upack' (chunk index -1, root 'root:/') mounted
[2021.12.06-16.18.57:744][  0]LogShaderLibrary: Display: ShaderCodeLibraryPakFileMountedCallback: pending pak file info (ChunkID:-1 Root:root:/ File:C:/Program Files/Epic Games/UE_4.27/FeaturePacks/TP_2DSideScrollerBP.upack)
[2021.12.06-16.18.57:744][  0]LogPakFile: OnPakFileMounted2Time == 0.000024
[2021.12.06-16.18.57:745][  0]LogPakFile: PakFile PrimaryIndexSize=182
[2021.12.06-16.18.57:745][  0]LogPakFile: PakFile PathHashIndexSize=101
[2021.12.06-16.18.57:745][  0]LogPakFile: PakFile FullDirectoryIndexSize=138
[2021.12.06-16.18.57:745][  0]LogShaderLibrary: Display: ShaderCodeLibraryPakFileMountedCallback: PakFile 'C:/Program Files/Epic Games/UE_4.27/FeaturePacks/TP_Flying.upack' (chunk index -1, root 'root:/') mounted
[2021.12.06-16.18.57:745][  0]LogShaderLibrary: Display: ShaderCodeLibraryPakFileMountedCallback: pending pak file info (ChunkID:-1 Root:root:/ File:C:/Program Files/Epic Games/UE_4.27/FeaturePacks/TP_Flying.upack)
[2021.12.06-16.18.57:745][  0]LogPakFile: OnPakFileMounted2Time == 0.000026
[2021.12.06-16.18.57:745][  0]LogPakFile: PakFile PrimaryIndexSize=184
[2021.12.06-16.18.57:745][  0]LogPakFile: PakFile PathHashIndexSize=101
[2021.12.06-16.18.57:745][  0]LogPakFile: PakFile FullDirectoryIndexSize=142
[2021.12.06-16.18.57:745][  0]LogShaderLibrary: Display: ShaderCodeLibraryPakFileMountedCallback: PakFile 'C:/Program Files/Epic Games/UE_4.27/FeaturePacks/TP_FlyingBP.upack' (chunk index -1, root 'root:/') mounted
[2021.12.06-16.18.57:745][  0]LogShaderLibrary: Display: ShaderCodeLibraryPakFileMountedCallback: pending pak file info (ChunkID:-1 Root:root:/ File:C:/Program Files/Epic Games/UE_4.27/FeaturePacks/TP_FlyingBP.upack)
[2021.12.06-16.18.57:745][  0]LogPakFile: OnPakFileMounted2Time == 0.000023
[2021.12.06-16.18.57:745][  0]LogPakFile: PakFile PrimaryIndexSize=188
[2021.12.06-16.18.57:745][  0]LogPakFile: PakFile PathHashIndexSize=101
[2021.12.06-16.18.57:745][  0]LogPakFile: PakFile FullDirectoryIndexSize=150
[2021.12.06-16.18.57:746][  0]LogShaderLibrary: Display: ShaderCodeLibraryPakFileMountedCallback: PakFile 'C:/Program Files/Epic Games/UE_4.27/FeaturePacks/TP_HandheldARBP.upack' (chunk index -1, root 'root:/') mounted
[2021.12.06-16.18.57:746][  0]LogShaderLibrary: Display: ShaderCodeLibraryPakFileMountedCallback: pending pak file info (ChunkID:-1 Root:root:/ File:C:/Program Files/Epic Games/UE_4.27/FeaturePacks/TP_HandheldARBP.upack)
[2021.12.06-16.18.57:746][  0]LogPakFile: OnPakFileMounted2Time == 0.000025
[2021.12.06-16.18.57:746][  0]LogPakFile: PakFile PrimaryIndexSize=182
[2021.12.06-16.18.57:746][  0]LogPakFile: PakFile PathHashIndexSize=101
[2021.12.06-16.18.57:746][  0]LogPakFile: PakFile FullDirectoryIndexSize=138
[2021.12.06-16.18.57:746][  0]LogShaderLibrary: Display: ShaderCodeLibraryPakFileMountedCallback: PakFile 'C:/Program Files/Epic Games/UE_4.27/FeaturePacks/TP_Puzzle.upack' (chunk index -1, root 'root:/') mounted
[2021.12.06-16.18.57:746][  0]LogShaderLibrary: Display: ShaderCodeLibraryPakFileMountedCallback: pending pak file info (ChunkID:-1 Root:root:/ File:C:/Program Files/Epic Games/UE_4.27/FeaturePacks/TP_Puzzle.upack)
[2021.12.06-16.18.57:746][  0]LogPakFile: OnPakFileMounted2Time == 0.000022
[2021.12.06-16.18.57:746][  0]LogPakFile: PakFile PrimaryIndexSize=184
[2021.12.06-16.18.57:746][  0]LogPakFile: PakFile PathHashIndexSize=101
[2021.12.06-16.18.57:746][  0]LogPakFile: PakFile FullDirectoryIndexSize=142
[2021.12.06-16.18.57:746][  0]LogShaderLibrary: Display: ShaderCodeLibraryPakFileMountedCallback: PakFile 'C:/Program Files/Epic Games/UE_4.27/FeaturePacks/TP_PuzzleBP.upack' (chunk index -1, root 'root:/') mounted
[2021.12.06-16.18.57:746][  0]LogShaderLibrary: Display: ShaderCodeLibraryPakFileMountedCallback: pending pak file info (ChunkID:-1 Root:root:/ File:C:/Program Files/Epic Games/UE_4.27/FeaturePacks/TP_PuzzleBP.upack)
[2021.12.06-16.18.57:746][  0]LogPakFile: OnPakFileMounted2Time == 0.000024
[2021.12.06-16.18.57:747][  0]LogPakFile: PakFile PrimaryIndexSize=183
[2021.12.06-16.18.57:747][  0]LogPakFile: PakFile PathHashIndexSize=101
[2021.12.06-16.18.57:747][  0]LogPakFile: PakFile FullDirectoryIndexSize=140
[2021.12.06-16.18.57:747][  0]LogShaderLibrary: Display: ShaderCodeLibraryPakFileMountedCallback: PakFile 'C:/Program Files/Epic Games/UE_4.27/FeaturePacks/TP_Rolling.upack' (chunk index -1, root 'root:/') mounted
[2021.12.06-16.18.57:747][  0]LogShaderLibrary: Display: ShaderCodeLibraryPakFileMountedCallback: pending pak file info (ChunkID:-1 Root:root:/ File:C:/Program Files/Epic Games/UE_4.27/FeaturePacks/TP_Rolling.upack)
[2021.12.06-16.18.57:747][  0]LogPakFile: OnPakFileMounted2Time == 0.000022
[2021.12.06-16.18.57:747][  0]LogPakFile: PakFile PrimaryIndexSize=185
[2021.12.06-16.18.57:747][  0]LogPakFile: PakFile PathHashIndexSize=101
[2021.12.06-16.18.57:747][  0]LogPakFile: PakFile FullDirectoryIndexSize=144
[2021.12.06-16.18.57:747][  0]LogShaderLibrary: Display: ShaderCodeLibraryPakFileMountedCallback: PakFile 'C:/Program Files/Epic Games/UE_4.27/FeaturePacks/TP_RollingBP.upack' (chunk index -1, root 'root:/') mounted
[2021.12.06-16.18.57:747][  0]LogShaderLibrary: Display: ShaderCodeLibraryPakFileMountedCallback: pending pak file info (ChunkID:-1 Root:root:/ File:C:/Program Files/Epic Games/UE_4.27/FeaturePacks/TP_RollingBP.upack)
[2021.12.06-16.18.57:747][  0]LogPakFile: OnPakFileMounted2Time == 0.000031
[2021.12.06-16.18.57:748][  0]LogPakFile: PakFile PrimaryIndexSize=188
[2021.12.06-16.18.57:748][  0]LogPakFile: PakFile PathHashIndexSize=101
[2021.12.06-16.18.57:748][  0]LogPakFile: PakFile FullDirectoryIndexSize=150
[2021.12.06-16.18.57:748][  0]LogShaderLibrary: Display: ShaderCodeLibraryPakFileMountedCallback: PakFile 'C:/Program Files/Epic Games/UE_4.27/FeaturePacks/TP_SideScroller.upack' (chunk index -1, root 'root:/') mounted
[2021.12.06-16.18.57:748][  0]LogShaderLibrary: Display: ShaderCodeLibraryPakFileMountedCallback: pending pak file info (ChunkID:-1 Root:root:/ File:C:/Program Files/Epic Games/UE_4.27/FeaturePacks/TP_SideScroller.upack)
[2021.12.06-16.18.57:748][  0]LogPakFile: OnPakFileMounted2Time == 0.000041
[2021.12.06-16.18.57:748][  0]LogPakFile: PakFile PrimaryIndexSize=190
[2021.12.06-16.18.57:748][  0]LogPakFile: PakFile PathHashIndexSize=101
[2021.12.06-16.18.57:748][  0]LogPakFile: PakFile FullDirectoryIndexSize=154
[2021.12.06-16.18.57:748][  0]LogShaderLibrary: Display: ShaderCodeLibraryPakFileMountedCallback: PakFile 'C:/Program Files/Epic Games/UE_4.27/FeaturePacks/TP_SideScrollerBP.upack' (chunk index -1, root 'root:/') mounted
[2021.12.06-16.18.57:748][  0]LogShaderLibrary: Display: ShaderCodeLibraryPakFileMountedCallback: pending pak file info (ChunkID:-1 Root:root:/ File:C:/Program Files/Epic Games/UE_4.27/FeaturePacks/TP_SideScrollerBP.upack)
[2021.12.06-16.18.57:748][  0]LogPakFile: OnPakFileMounted2Time == 0.000037
[2021.12.06-16.18.57:749][  0]LogPakFile: PakFile PrimaryIndexSize=187
[2021.12.06-16.18.57:749][  0]LogPakFile: PakFile PathHashIndexSize=101
[2021.12.06-16.18.57:749][  0]LogPakFile: PakFile FullDirectoryIndexSize=148
[2021.12.06-16.18.57:749][  0]LogShaderLibrary: Display: ShaderCodeLibraryPakFileMountedCallback: PakFile 'C:/Program Files/Epic Games/UE_4.27/FeaturePacks/TP_ThirdPerson.upack' (chunk index -1, root 'root:/') mounted
[2021.12.06-16.18.57:749][  0]LogShaderLibrary: Display: ShaderCodeLibraryPakFileMountedCallback: pending pak file info (ChunkID:-1 Root:root:/ File:C:/Program Files/Epic Games/UE_4.27/FeaturePacks/TP_ThirdPerson.upack)
[2021.12.06-16.18.57:749][  0]LogPakFile: OnPakFileMounted2Time == 0.000026
[2021.12.06-16.18.57:749][  0]LogPakFile: PakFile PrimaryIndexSize=189
[2021.12.06-16.18.57:749][  0]LogPakFile: PakFile PathHashIndexSize=101
[2021.12.06-16.18.57:749][  0]LogPakFile: PakFile FullDirectoryIndexSize=152
[2021.12.06-16.18.57:749][  0]LogShaderLibrary: Display: ShaderCodeLibraryPakFileMountedCallback: PakFile 'C:/Program Files/Epic Games/UE_4.27/FeaturePacks/TP_ThirdPersonBP.upack' (chunk index -1, root 'root:/') mounted
[2021.12.06-16.18.57:749][  0]LogShaderLibrary: Display: ShaderCodeLibraryPakFileMountedCallback: pending pak file info (ChunkID:-1 Root:root:/ File:C:/Program Files/Epic Games/UE_4.27/FeaturePacks/TP_ThirdPersonBP.upack)
[2021.12.06-16.18.57:749][  0]LogPakFile: OnPakFileMounted2Time == 0.000025
[2021.12.06-16.18.57:750][  0]LogPakFile: PakFile PrimaryIndexSize=183
[2021.12.06-16.18.57:750][  0]LogPakFile: PakFile PathHashIndexSize=101
[2021.12.06-16.18.57:750][  0]LogPakFile: PakFile FullDirectoryIndexSize=140
[2021.12.06-16.18.57:750][  0]LogShaderLibrary: Display: ShaderCodeLibraryPakFileMountedCallback: PakFile 'C:/Program Files/Epic Games/UE_4.27/FeaturePacks/TP_TopDown.upack' (chunk index -1, root 'root:/') mounted
[2021.12.06-16.18.57:750][  0]LogShaderLibrary: Display: ShaderCodeLibraryPakFileMountedCallback: pending pak file info (ChunkID:-1 Root:root:/ File:C:/Program Files/Epic Games/UE_4.27/FeaturePacks/TP_TopDown.upack)
[2021.12.06-16.18.57:750][  0]LogPakFile: OnPakFileMounted2Time == 0.000031
[2021.12.06-16.18.57:750][  0]LogPakFile: PakFile PrimaryIndexSize=185
[2021.12.06-16.18.57:750][  0]LogPakFile: PakFile PathHashIndexSize=101
[2021.12.06-16.18.57:750][  0]LogPakFile: PakFile FullDirectoryIndexSize=144
[2021.12.06-16.18.57:750][  0]LogShaderLibrary: Display: ShaderCodeLibraryPakFileMountedCallback: PakFile 'C:/Program Files/Epic Games/UE_4.27/FeaturePacks/TP_TopDownBP.upack' (chunk index -1, root 'root:/') mounted
[2021.12.06-16.18.57:750][  0]LogShaderLibrary: Display: ShaderCodeLibraryPakFileMountedCallback: pending pak file info (ChunkID:-1 Root:root:/ File:C:/Program Files/Epic Games/UE_4.27/FeaturePacks/TP_TopDownBP.upack)
[2021.12.06-16.18.57:750][  0]LogPakFile: OnPakFileMounted2Time == 0.000022
[2021.12.06-16.18.57:750][  0]LogPakFile: PakFile PrimaryIndexSize=185
[2021.12.06-16.18.57:750][  0]LogPakFile: PakFile PathHashIndexSize=101
[2021.12.06-16.18.57:750][  0]LogPakFile: PakFile FullDirectoryIndexSize=144
[2021.12.06-16.18.57:750][  0]LogShaderLibrary: Display: ShaderCodeLibraryPakFileMountedCallback: PakFile 'C:/Program Files/Epic Games/UE_4.27/FeaturePacks/TP_TwinStick.upack' (chunk index -1, root 'root:/') mounted
[2021.12.06-16.18.57:750][  0]LogShaderLibrary: Display: ShaderCodeLibraryPakFileMountedCallback: pending pak file info (ChunkID:-1 Root:root:/ File:C:/Program Files/Epic Games/UE_4.27/FeaturePacks/TP_TwinStick.upack)
[2021.12.06-16.18.57:750][  0]LogPakFile: OnPakFileMounted2Time == 0.000023
[2021.12.06-16.18.57:751][  0]LogPakFile: PakFile PrimaryIndexSize=187
[2021.12.06-16.18.57:751][  0]LogPakFile: PakFile PathHashIndexSize=101
[2021.12.06-16.18.57:751][  0]LogPakFile: PakFile FullDirectoryIndexSize=148
[2021.12.06-16.18.57:751][  0]LogShaderLibrary: Display: ShaderCodeLibraryPakFileMountedCallback: PakFile 'C:/Program Files/Epic Games/UE_4.27/FeaturePacks/TP_TwinStickBP.upack' (chunk index -1, root 'root:/') mounted
[2021.12.06-16.18.57:751][  0]LogShaderLibrary: Display: ShaderCodeLibraryPakFileMountedCallback: pending pak file info (ChunkID:-1 Root:root:/ File:C:/Program Files/Epic Games/UE_4.27/FeaturePacks/TP_TwinStickBP.upack)
[2021.12.06-16.18.57:751][  0]LogPakFile: OnPakFileMounted2Time == 0.000022
[2021.12.06-16.18.57:751][  0]LogPakFile: PakFile PrimaryIndexSize=183
[2021.12.06-16.18.57:751][  0]LogPakFile: PakFile PathHashIndexSize=101
[2021.12.06-16.18.57:751][  0]LogPakFile: PakFile FullDirectoryIndexSize=140
[2021.12.06-16.18.57:751][  0]LogShaderLibrary: Display: ShaderCodeLibraryPakFileMountedCallback: PakFile 'C:/Program Files/Epic Games/UE_4.27/FeaturePacks/TP_Vehicle.upack' (chunk index -1, root 'root:/') mounted
[2021.12.06-16.18.57:751][  0]LogShaderLibrary: Display: ShaderCodeLibraryPakFileMountedCallback: pending pak file info (ChunkID:-1 Root:root:/ File:C:/Program Files/Epic Games/UE_4.27/FeaturePacks/TP_Vehicle.upack)
[2021.12.06-16.18.57:751][  0]LogPakFile: OnPakFileMounted2Time == 0.000023
[2021.12.06-16.18.57:752][  0]LogPakFile: PakFile PrimaryIndexSize=186
[2021.12.06-16.18.57:752][  0]LogPakFile: PakFile PathHashIndexSize=101
[2021.12.06-16.18.57:752][  0]LogPakFile: PakFile FullDirectoryIndexSize=146
[2021.12.06-16.18.57:752][  0]LogShaderLibrary: Display: ShaderCodeLibraryPakFileMountedCallback: PakFile 'C:/Program Files/Epic Games/UE_4.27/FeaturePacks/TP_VehicleAdv.upack' (chunk index -1, root 'root:/') mounted
[2021.12.06-16.18.57:752][  0]LogShaderLibrary: Display: ShaderCodeLibraryPakFileMountedCallback: pending pak file info (ChunkID:-1 Root:root:/ File:C:/Program Files/Epic Games/UE_4.27/FeaturePacks/TP_VehicleAdv.upack)
[2021.12.06-16.18.57:752][  0]LogPakFile: OnPakFileMounted2Time == 0.000025
[2021.12.06-16.18.57:752][  0]LogPakFile: PakFile PrimaryIndexSize=188
[2021.12.06-16.18.57:752][  0]LogPakFile: PakFile PathHashIndexSize=101
[2021.12.06-16.18.57:752][  0]LogPakFile: PakFile FullDirectoryIndexSize=150
[2021.12.06-16.18.57:752][  0]LogShaderLibrary: Display: ShaderCodeLibraryPakFileMountedCallback: PakFile 'C:/Program Files/Epic Games/UE_4.27/FeaturePacks/TP_VehicleAdvBP.upack' (chunk index -1, root 'root:/') mounted
[2021.12.06-16.18.57:752][  0]LogShaderLibrary: Display: ShaderCodeLibraryPakFileMountedCallback: pending pak file info (ChunkID:-1 Root:root:/ File:C:/Program Files/Epic Games/UE_4.27/FeaturePacks/TP_VehicleAdvBP.upack)
[2021.12.06-16.18.57:752][  0]LogPakFile: OnPakFileMounted2Time == 0.000023
[2021.12.06-16.18.57:752][  0]LogPakFile: PakFile PrimaryIndexSize=185
[2021.12.06-16.18.57:752][  0]LogPakFile: PakFile PathHashIndexSize=101
[2021.12.06-16.18.57:752][  0]LogPakFile: PakFile FullDirectoryIndexSize=144
[2021.12.06-16.18.57:752][  0]LogShaderLibrary: Display: ShaderCodeLibraryPakFileMountedCallback: PakFile 'C:/Program Files/Epic Games/UE_4.27/FeaturePacks/TP_VehicleBP.upack' (chunk index -1, root 'root:/') mounted
[2021.12.06-16.18.57:752][  0]LogShaderLibrary: Display: ShaderCodeLibraryPakFileMountedCallback: pending pak file info (ChunkID:-1 Root:root:/ File:C:/Program Files/Epic Games/UE_4.27/FeaturePacks/TP_VehicleBP.upack)
[2021.12.06-16.18.57:752][  0]LogPakFile: OnPakFileMounted2Time == 0.000029
[2021.12.06-16.18.57:752][  0]LogPakFile: PakFile PrimaryIndexSize=192
[2021.12.06-16.18.57:752][  0]LogPakFile: PakFile PathHashIndexSize=101
[2021.12.06-16.18.57:752][  0]LogPakFile: PakFile FullDirectoryIndexSize=158
[2021.12.06-16.18.57:752][  0]LogShaderLibrary: Display: ShaderCodeLibraryPakFileMountedCallback: PakFile 'C:/Program Files/Epic Games/UE_4.27/FeaturePacks/TP_VirtualRealityBP.upack' (chunk index -1, root 'root:/') mounted
[2021.12.06-16.18.57:752][  0]LogShaderLibrary: Display: ShaderCodeLibraryPakFileMountedCallback: pending pak file info (ChunkID:-1 Root:root:/ File:C:/Program Files/Epic Games/UE_4.27/FeaturePacks/TP_VirtualRealityBP.upack)
[2021.12.06-16.18.57:752][  0]LogPakFile: OnPakFileMounted2Time == 0.000024
[2021.12.06-16.18.57:785][  0]LogNativeClassHierarchy: Verbose: Native class hierarchy updated for 'AddContentDialog' in 0.0003 seconds. Added 0 classes and 0 folders.
[2021.12.06-16.18.57:785][  0]LogNativeClassHierarchy: Verbose: Native class hierarchy updated for 'SceneOutliner' in 0.0002 seconds. Added 2 classes and 0 folders.
[2021.12.06-16.18.57:866][  0]LogSlate: Took 0.000163 seconds to synchronously load lazily loaded font '../../../Engine/Content/Slate/Fonts/Roboto-Regular.ttf' (155K)
[2021.12.06-16.18.57:867][  0]LogSlate: Took 0.000109 seconds to synchronously load lazily loaded font '../../../Engine/Content/Editor/Slate/Fonts/FontAwesome.ttf' (139K)
[2021.12.06-16.18.57:868][  0]LogSlate: Took 0.000119 seconds to synchronously load lazily loaded font '../../../Engine/Content/Slate/Fonts/Roboto-Bold.ttf' (160K)
[2021.12.06-16.18.57:932][  0]LogRenderer: Reallocating scene render targets to support 1208x572 Format 10 NumSamples 1 (Frame:1).
[2021.12.06-16.18.58:076][  0]LogNativeClassHierarchy: Verbose: Native class hierarchy updated for 'HierarchicalLODOutliner' in 0.0003 seconds. Added 0 classes and 0 folders.
[2021.12.06-16.18.58:076][  0]LogLoad: (Engine Initialization) Total time: 5.77 seconds
[2021.12.06-16.18.58:076][  0]LogLoad: (Engine Initialization) Total Blueprint compile time: 0.00 seconds
[2021.12.06-16.18.58:116][  0]LogAssetRegistry: Asset discovery search completed in 3.5273 seconds
[2021.12.06-16.18.58:120][  0]LogCollectionManager: Fixed up redirectors for 0 collections in 0.000003 seconds (updated 0 objects)
[2021.12.06-16.18.58:122][  0]LogContentStreaming: Texture pool size now 1000 MB
[2021.12.06-16.18.58:174][  1]LogNiagara: Compiling System NiagaraSystem /Game/HoudiniToUE/NS_HoudiniExplosion.NS_HoudiniExplosion took 0.667246 sec (time since issued), 1.180123 sec (combined shader worker time).
[2021.12.06-16.18.58:201][  3]LogSlate: Took 0.000157 seconds to synchronously load lazily loaded font '../../../Engine/Content/Slate/Fonts/Roboto-Light.ttf' (167K)
[2021.12.06-16.19.04:695][739]LogSlate: Took 0.000139 seconds to synchronously load lazily loaded font '../../../Engine/Content/Slate/Fonts/Roboto-Light.ttf' (167K)
[2021.12.06-16.19.04:707][739]LogAssetEditorSubsystem: Opening Asset editor for Texture2D /Game/HoudiniToUE/Textures/RightBackDown.RightBackDown
[2021.12.06-16.19.04:712][739]LogNativeClassHierarchy: Verbose: Native class hierarchy updated for 'TextureEditor' in 0.0003 seconds. Added 1 classes and 2 folders.
[2021.12.06-16.19.07:478][987]LogAssetEditorSubsystem: Opening Asset editor for Texture2D /Game/HoudiniToUE/Textures/LeftFrontUp.LeftFrontUp
[2021.12.06-16.19.13:405][557]LogSlate: Window 'LeftFrontUp' being destroyed
[2021.12.06-16.19.13:410][557]LogSlate: Window 'LeftFrontUp' being destroyed
[2021.12.06-16.19.21:109][460]LogAssetEditorSubsystem: Opening Asset editor for Texture2D /Game/HoudiniToUE/Textures/Flame.Flame
[2021.12.06-16.19.27:595][ 92]LogSlate: Window 'Flame' being destroyed
[2021.12.06-16.19.27:604][ 92]LogSlate: Window 'Flame' being destroyed
